\BOOKMARK [0][-]{Doc-Start}{Title Page}{}% 1
\BOOKMARK [0][-]{Doc-Start}{Certification}{}% 2
\BOOKMARK [0][-]{section*.1}{Dedication}{}% 3
\BOOKMARK [0][-]{section*.2}{Acknowledgement}{}% 4
\BOOKMARK [0][-]{section*.3}{Abstract}{}% 5
\BOOKMARK [0][-]{section*.4}{Table of Contents}{}% 6
\BOOKMARK [0][-]{section*.4}{List of Figures}{}% 7
\BOOKMARK [0][-]{section*.4}{List of Tables}{}% 8
\BOOKMARK [0][-]{chapter.1}{Introduction}{}% 9
\BOOKMARK [1][-]{section.1.0}{Introduction}{chapter.1}% 10
\BOOKMARK [1][-]{section.1.1}{Basic Definitions and Results}{chapter.1}% 11
\BOOKMARK [2][-]{subsection.1.1.1}{Tensor and Vectorisation}{section.1.1}% 12
\BOOKMARK [2][-]{subsection.1.1.2}{Vector Calculus and the Chain Rule}{section.1.1}% 13
\BOOKMARK [2][-]{subsection.1.1.3}{Binomial Distribution}{section.1.1}% 14
\BOOKMARK [2][-]{subsection.1.1.4}{Norms}{section.1.1}% 15
\BOOKMARK [2][-]{subsection.1.1.5}{Convex Optimisation}{section.1.1}% 16
\BOOKMARK [2][-]{subsection.1.1.6}{Rate of Convergence}{section.1.1}% 17
\BOOKMARK [2][-]{subsection.1.1.7}{Logistic Sigmoid Function}{section.1.1}% 18
\BOOKMARK [1][-]{section.1.2}{Machine Learning}{chapter.1}% 19
\BOOKMARK [1][-]{section.1.3}{Logistic Regression}{chapter.1}% 20
\BOOKMARK [1][-]{section.1.4}{Maximum Likelihood Estimation}{chapter.1}% 21
\BOOKMARK [1][-]{section.1.5}{Gradient Descent}{chapter.1}% 22
\BOOKMARK [1][-]{section.1.6}{Stochastic Gradient Descent}{chapter.1}% 23
\BOOKMARK [1][-]{section.1.7}{Regularisation}{chapter.1}% 24
\BOOKMARK [1][-]{section.1.8}{Decision Boundary}{chapter.1}% 25
\BOOKMARK [0][-]{chapter.2}{Literature Review}{}% 26
\BOOKMARK [1][-]{section.2.0}{Introduction}{chapter.2}% 27
\BOOKMARK [1][-]{section.2.1}{Deep Learning}{chapter.2}% 28
\BOOKMARK [2][-]{subsection.2.1.1}{Perceptrons}{section.2.1}% 29
\BOOKMARK [2][-]{subsection.2.1.2}{Back Propagation}{section.2.1}% 30
\BOOKMARK [2][-]{subsection.2.1.3}{Convolutional Neural Networks}{section.2.1}% 31
\BOOKMARK [2][-]{subsection.2.1.4}{Long Short Term Memory}{section.2.1}% 32
\BOOKMARK [2][-]{subsection.2.1.5}{Advancements in Computing Power}{section.2.1}% 33
\BOOKMARK [1][-]{section.2.2}{Deep Learning in Agriculture}{chapter.2}% 34
\BOOKMARK [2][-]{subsection.2.2.1}{Plant Phenotyping and Yield Prediction}{section.2.2}% 35
\BOOKMARK [2][-]{subsection.2.2.2}{Weed Management and Pest Control}{section.2.2}% 36
\BOOKMARK [2][-]{subsection.2.2.3}{Crop Diseases}{section.2.2}% 37
\BOOKMARK [0][-]{chapter.3}{Neural Networks}{}% 38
\BOOKMARK [1][-]{section.3.0}{Introduction}{chapter.3}% 39
\BOOKMARK [1][-]{section.3.1}{Activation Functions}{chapter.3}% 40
\BOOKMARK [2][-]{subsection.3.1.1}{Logistic Sigmoid Function}{section.3.1}% 41
\BOOKMARK [2][-]{subsection.3.1.2}{Hyperpoblic Tangent Function}{section.3.1}% 42
\BOOKMARK [2][-]{subsection.3.1.3}{Rectified Linear Activation Function}{section.3.1}% 43
\BOOKMARK [2][-]{subsection.3.1.4}{Swish Activation Function}{section.3.1}% 44
\BOOKMARK [2][-]{subsection.3.1.5}{Softmax Function}{section.3.1}% 45
\BOOKMARK [1][-]{section.3.2}{Backpropagation}{chapter.3}% 46
\BOOKMARK [2][-]{subsection.3.2.1}{Random Initialisation}{section.3.2}% 47
\BOOKMARK [1][-]{section.3.3}{Convolutional Neural Networks}{chapter.3}% 48
\BOOKMARK [2][-]{subsection.3.3.1}{Convolution Layer}{section.3.3}% 49
\BOOKMARK [2][-]{subsection.3.3.2}{Padding and Stride}{section.3.3}% 50
\BOOKMARK [2][-]{subsection.3.3.3}{Multiple Input and Multiple Output Channels}{section.3.3}% 51
\BOOKMARK [2][-]{subsection.3.3.4}{Pooling Layer}{section.3.3}% 52
\BOOKMARK [1][-]{section.3.4}{Dropout}{chapter.3}% 53
\BOOKMARK [1][-]{section.3.5}{Batch Normalisation}{chapter.3}% 54
\BOOKMARK [1][-]{section.3.6}{Gradient Descent Optimisation Algorithms}{chapter.3}% 55
\BOOKMARK [0][-]{chapter.4}{Plant Disease Detection}{}% 56
\BOOKMARK [1][-]{section.4.0}{Problem Statement and Dataset}{chapter.4}% 57
\BOOKMARK [1][-]{section.4.1}{Model Training}{chapter.4}% 58
\BOOKMARK [1][-]{section.4.2}{Base Model Architecture}{chapter.4}% 59
\BOOKMARK [1][-]{section.4.3}{Transfer Learning}{chapter.4}% 60
\BOOKMARK [2][-]{subsection.4.3.1}{VGG16}{section.4.3}% 61
\BOOKMARK [2][-]{subsection.4.3.2}{ResNext-50}{section.4.3}% 62
\BOOKMARK [1][-]{section.4.4}{Results}{chapter.4}% 63
\BOOKMARK [0][-]{chapter.5}{Conclusion}{}% 64
\BOOKMARK [0][-]{chapter.5}{References}{}% 65
