This is pdfTeX, Version 3.14159265-2.6-1.40.21 (MiKTeX 21.1) (preloaded format=pdflatex 2021.2.12)  16 FEB 2021 22:03
entering extended mode
**./alli_beamer.tex
(alli_beamer.tex
LaTeX2e <2020-10-01> patch level 4
L3 programming layer <2021-01-09> xparse <2020-03-03>
(C:\Users\P\AppData\Local\Programs\MiKTeX\tex/latex/beamer\beamer.cls
Document Class: beamer 2021/02/09 v3.61 A class for typesetting presentations
(C:\Users\P\AppData\Local\Programs\MiKTeX\tex/latex/beamer\beamerbasemodes.sty
(C:\Users\P\AppData\Local\Programs\MiKTeX\tex/latex/etoolbox\etoolbox.sty
Package: etoolbox 2020/10/05 v2.5k e-TeX tools for LaTeX (JAW)
\etb@tempcnta=\count177
)
\beamer@tempbox=\box47
\beamer@tempcount=\count178
\c@beamerpauses=\count179

(C:\Users\P\AppData\Local\Programs\MiKTeX\tex/latex/beamer\beamerbasedecode.sty
\beamer@slideinframe=\count180
\beamer@minimum=\count181
\beamer@decode@box=\box48
)
\beamer@commentbox=\box49
\beamer@modecount=\count182
) (C:\Users\P\AppData\Local\Programs\MiKTeX\tex/generic/iftex\ifpdf.sty
Package: ifpdf 2019/10/25 v3.4 ifpdf legacy package. Use iftex instead.

(C:\Users\P\AppData\Local\Programs\MiKTeX\tex/generic/iftex\iftex.sty
Package: iftex 2020/03/06 v1.0d TeX engine tests
))
\headdp=\dimen138
\footheight=\dimen139
\sidebarheight=\dimen140
\beamer@tempdim=\dimen141
\beamer@finalheight=\dimen142
\beamer@animht=\dimen143
\beamer@animdp=\dimen144
\beamer@animwd=\dimen145
\beamer@leftmargin=\dimen146
\beamer@rightmargin=\dimen147
\beamer@leftsidebar=\dimen148
\beamer@rightsidebar=\dimen149
\beamer@boxsize=\dimen150
\beamer@vboxoffset=\dimen151
\beamer@descdefault=\dimen152
\beamer@descriptionwidth=\dimen153
\beamer@lastskip=\skip47
\beamer@areabox=\box50
\beamer@animcurrent=\box51
\beamer@animshowbox=\box52
\beamer@sectionbox=\box53
\beamer@logobox=\box54
\beamer@linebox=\box55
\beamer@sectioncount=\count183
\beamer@subsubsectionmax=\count184
\beamer@subsectionmax=\count185
\beamer@sectionmax=\count186
\beamer@totalheads=\count187
\beamer@headcounter=\count188
\beamer@partstartpage=\count189
\beamer@sectionstartpage=\count190
\beamer@subsectionstartpage=\count191
\beamer@animationtempa=\count192
\beamer@animationtempb=\count193
\beamer@xpos=\count194
\beamer@ypos=\count195
\beamer@ypos@offset=\count196
\beamer@showpartnumber=\count197
\beamer@currentsubsection=\count198
\beamer@coveringdepth=\count199
\beamer@sectionadjust=\count266
\beamer@tocsectionnumber=\count267

(C:\Users\P\AppData\Local\Programs\MiKTeX\tex/latex/beamer\beamerbaseoptions.st
y (C:\Users\P\AppData\Local\Programs\MiKTeX\tex/latex/graphics\keyval.sty
Package: keyval 2014/10/28 v1.15 key=value parser (DPC)
\KV@toks@=\toks15
))
\beamer@paperwidth=\skip48
\beamer@paperheight=\skip49

(C:\Users\P\AppData\Local\Programs\MiKTeX\tex/latex/geometry\geometry.sty
Package: geometry 2020/01/02 v5.9 Page Geometry

(C:\Users\P\AppData\Local\Programs\MiKTeX\tex/generic/iftex\ifvtex.sty
Package: ifvtex 2019/10/25 v1.7 ifvtex legacy package. Use iftex instead.
)
\Gm@cnth=\count268
\Gm@cntv=\count269
\c@Gm@tempcnt=\count270
\Gm@bindingoffset=\dimen154
\Gm@wd@mp=\dimen155
\Gm@odd@mp=\dimen156
\Gm@even@mp=\dimen157
\Gm@layoutwidth=\dimen158
\Gm@layoutheight=\dimen159
\Gm@layouthoffset=\dimen160
\Gm@layoutvoffset=\dimen161
\Gm@dimlist=\toks16

(C:\Users\P\AppData\Local\Programs\MiKTeX\tex/latex/geometry\geometry.cfg))
(C:\Users\P\AppData\Local\Programs\MiKTeX\tex/latex/base\size11.clo
File: size11.clo 2020/04/10 v1.4m Standard LaTeX file (size option)
)
(C:\Users\P\AppData\Local\Programs\MiKTeX\tex/latex/pgf/basiclayer\pgfcore.sty
(C:\Users\P\AppData\Local\Programs\MiKTeX\tex/latex/graphics\graphicx.sty
Package: graphicx 2020/09/09 v1.2b Enhanced LaTeX Graphics (DPC,SPQR)

(C:\Users\P\AppData\Local\Programs\MiKTeX\tex/latex/graphics\graphics.sty
Package: graphics 2020/08/30 v1.4c Standard LaTeX Graphics (DPC,SPQR)

(C:\Users\P\AppData\Local\Programs\MiKTeX\tex/latex/graphics\trig.sty
Package: trig 2016/01/03 v1.10 sin cos tan (DPC)
)
(C:\Users\P\AppData\Local\Programs\MiKTeX\tex/latex/graphics-cfg\graphics.cfg
File: graphics.cfg 2016/06/04 v1.11 sample graphics configuration
)
Package graphics Info: Driver file: pdftex.def on input line 105.

(C:\Users\P\AppData\Local\Programs\MiKTeX\tex/latex/graphics-def\pdftex.def
File: pdftex.def 2020/10/05 v1.2a Graphics/color driver for pdftex
))
\Gin@req@height=\dimen162
\Gin@req@width=\dimen163
)
(C:\Users\P\AppData\Local\Programs\MiKTeX\tex/latex/pgf/systemlayer\pgfsys.sty
(C:\Users\P\AppData\Local\Programs\MiKTeX\tex/latex/pgf/utilities\pgfrcs.sty
(C:\Users\P\AppData\Local\Programs\MiKTeX\tex/generic/pgf/utilities\pgfutil-com
mon.tex
\pgfutil@everybye=\toks17
\pgfutil@tempdima=\dimen164
\pgfutil@tempdimb=\dimen165

(C:\Users\P\AppData\Local\Programs\MiKTeX\tex/generic/pgf/utilities\pgfutil-com
mon-lists.tex))
(C:\Users\P\AppData\Local\Programs\MiKTeX\tex/generic/pgf/utilities\pgfutil-lat
ex.def
\pgfutil@abb=\box56
)
(C:\Users\P\AppData\Local\Programs\MiKTeX\tex/generic/pgf/utilities\pgfrcs.code
.tex (C:\Users\P\AppData\Local\Programs\MiKTeX\tex/generic/pgf\pgf.revision.tex
)
Package: pgfrcs 2020/12/27 v3.1.8b (3.1.8b)
))
(C:\Users\P\AppData\Local\Programs\MiKTeX\tex/generic/pgf/systemlayer\pgfsys.co
de.tex
Package: pgfsys 2020/12/27 v3.1.8b (3.1.8b)

(C:\Users\P\AppData\Local\Programs\MiKTeX\tex/generic/pgf/utilities\pgfkeys.cod
e.tex
\pgfkeys@pathtoks=\toks18
\pgfkeys@temptoks=\toks19

(C:\Users\P\AppData\Local\Programs\MiKTeX\tex/generic/pgf/utilities\pgfkeysfilt
ered.code.tex
\pgfkeys@tmptoks=\toks20
))
\pgf@x=\dimen166
\pgf@y=\dimen167
\pgf@xa=\dimen168
\pgf@ya=\dimen169
\pgf@xb=\dimen170
\pgf@yb=\dimen171
\pgf@xc=\dimen172
\pgf@yc=\dimen173
\pgf@xd=\dimen174
\pgf@yd=\dimen175
\w@pgf@writea=\write3
\r@pgf@reada=\read2
\c@pgf@counta=\count271
\c@pgf@countb=\count272
\c@pgf@countc=\count273
\c@pgf@countd=\count274
\t@pgf@toka=\toks21
\t@pgf@tokb=\toks22
\t@pgf@tokc=\toks23
\pgf@sys@id@count=\count275

(C:\Users\P\AppData\Local\Programs\MiKTeX\tex/generic/pgf/systemlayer\pgf.cfg
File: pgf.cfg 2020/12/27 v3.1.8b (3.1.8b)
)
Driver file for pgf: pgfsys-pdftex.def

(C:\Users\P\AppData\Local\Programs\MiKTeX\tex/generic/pgf/systemlayer\pgfsys-pd
ftex.def
File: pgfsys-pdftex.def 2020/12/27 v3.1.8b (3.1.8b)

(C:\Users\P\AppData\Local\Programs\MiKTeX\tex/generic/pgf/systemlayer\pgfsys-co
mmon-pdf.def
File: pgfsys-common-pdf.def 2020/12/27 v3.1.8b (3.1.8b)
)))
(C:\Users\P\AppData\Local\Programs\MiKTeX\tex/generic/pgf/systemlayer\pgfsyssof
tpath.code.tex
File: pgfsyssoftpath.code.tex 2020/12/27 v3.1.8b (3.1.8b)
\pgfsyssoftpath@smallbuffer@items=\count276
\pgfsyssoftpath@bigbuffer@items=\count277
)
(C:\Users\P\AppData\Local\Programs\MiKTeX\tex/generic/pgf/systemlayer\pgfsyspro
tocol.code.tex
File: pgfsysprotocol.code.tex 2020/12/27 v3.1.8b (3.1.8b)
))
(C:\Users\P\AppData\Local\Programs\MiKTeX\tex/latex/xcolor\xcolor.sty
Package: xcolor 2016/05/11 v2.12 LaTeX color extensions (UK)

(C:\Users\P\AppData\Local\Programs\MiKTeX\tex/latex/graphics-cfg\color.cfg
File: color.cfg 2016/01/02 v1.6 sample color configuration
)
Package xcolor Info: Driver file: pdftex.def on input line 225.
Package xcolor Info: Model `cmy' substituted by `cmy0' on input line 1348.
Package xcolor Info: Model `hsb' substituted by `rgb' on input line 1352.
Package xcolor Info: Model `RGB' extended on input line 1364.
Package xcolor Info: Model `HTML' substituted by `rgb' on input line 1366.
Package xcolor Info: Model `Hsb' substituted by `hsb' on input line 1367.
Package xcolor Info: Model `tHsb' substituted by `hsb' on input line 1368.
Package xcolor Info: Model `HSB' substituted by `hsb' on input line 1369.
Package xcolor Info: Model `Gray' substituted by `gray' on input line 1370.
Package xcolor Info: Model `wave' substituted by `hsb' on input line 1371.
)
(C:\Users\P\AppData\Local\Programs\MiKTeX\tex/generic/pgf/basiclayer\pgfcore.co
de.tex
Package: pgfcore 2020/12/27 v3.1.8b (3.1.8b)

(C:\Users\P\AppData\Local\Programs\MiKTeX\tex/generic/pgf/math\pgfmath.code.tex

(C:\Users\P\AppData\Local\Programs\MiKTeX\tex/generic/pgf/math\pgfmathcalc.code
.tex
(C:\Users\P\AppData\Local\Programs\MiKTeX\tex/generic/pgf/math\pgfmathutil.code
.tex)
(C:\Users\P\AppData\Local\Programs\MiKTeX\tex/generic/pgf/math\pgfmathparser.co
de.tex
\pgfmath@dimen=\dimen176
\pgfmath@count=\count278
\pgfmath@box=\box57
\pgfmath@toks=\toks24
\pgfmath@stack@operand=\toks25
\pgfmath@stack@operation=\toks26
)
(C:\Users\P\AppData\Local\Programs\MiKTeX\tex/generic/pgf/math\pgfmathfunctions
.code.tex
(C:\Users\P\AppData\Local\Programs\MiKTeX\tex/generic/pgf/math\pgfmathfunctions
.basic.code.tex)
(C:\Users\P\AppData\Local\Programs\MiKTeX\tex/generic/pgf/math\pgfmathfunctions
.trigonometric.code.tex)
(C:\Users\P\AppData\Local\Programs\MiKTeX\tex/generic/pgf/math\pgfmathfunctions
.random.code.tex)
(C:\Users\P\AppData\Local\Programs\MiKTeX\tex/generic/pgf/math\pgfmathfunctions
.comparison.code.tex)
(C:\Users\P\AppData\Local\Programs\MiKTeX\tex/generic/pgf/math\pgfmathfunctions
.base.code.tex)
(C:\Users\P\AppData\Local\Programs\MiKTeX\tex/generic/pgf/math\pgfmathfunctions
.round.code.tex)
(C:\Users\P\AppData\Local\Programs\MiKTeX\tex/generic/pgf/math\pgfmathfunctions
.misc.code.tex)
(C:\Users\P\AppData\Local\Programs\MiKTeX\tex/generic/pgf/math\pgfmathfunctions
.integerarithmetics.code.tex)))
(C:\Users\P\AppData\Local\Programs\MiKTeX\tex/generic/pgf/math\pgfmathfloat.cod
e.tex
\c@pgfmathroundto@lastzeros=\count279
))
(C:\Users\P\AppData\Local\Programs\MiKTeX\tex/generic/pgf/math\pgfint.code.tex)

(C:\Users\P\AppData\Local\Programs\MiKTeX\tex/generic/pgf/basiclayer\pgfcorepoi
nts.code.tex
File: pgfcorepoints.code.tex 2020/12/27 v3.1.8b (3.1.8b)
\pgf@picminx=\dimen177
\pgf@picmaxx=\dimen178
\pgf@picminy=\dimen179
\pgf@picmaxy=\dimen180
\pgf@pathminx=\dimen181
\pgf@pathmaxx=\dimen182
\pgf@pathminy=\dimen183
\pgf@pathmaxy=\dimen184
\pgf@xx=\dimen185
\pgf@xy=\dimen186
\pgf@yx=\dimen187
\pgf@yy=\dimen188
\pgf@zx=\dimen189
\pgf@zy=\dimen190
)
(C:\Users\P\AppData\Local\Programs\MiKTeX\tex/generic/pgf/basiclayer\pgfcorepat
hconstruct.code.tex
File: pgfcorepathconstruct.code.tex 2020/12/27 v3.1.8b (3.1.8b)
\pgf@path@lastx=\dimen191
\pgf@path@lasty=\dimen192
)
(C:\Users\P\AppData\Local\Programs\MiKTeX\tex/generic/pgf/basiclayer\pgfcorepat
husage.code.tex
File: pgfcorepathusage.code.tex 2020/12/27 v3.1.8b (3.1.8b)
\pgf@shorten@end@additional=\dimen193
\pgf@shorten@start@additional=\dimen194
)
(C:\Users\P\AppData\Local\Programs\MiKTeX\tex/generic/pgf/basiclayer\pgfcoresco
pes.code.tex
File: pgfcorescopes.code.tex 2020/12/27 v3.1.8b (3.1.8b)
\pgfpic=\box58
\pgf@hbox=\box59
\pgf@layerbox@main=\box60
\pgf@picture@serial@count=\count280
)
(C:\Users\P\AppData\Local\Programs\MiKTeX\tex/generic/pgf/basiclayer\pgfcoregra
phicstate.code.tex
File: pgfcoregraphicstate.code.tex 2020/12/27 v3.1.8b (3.1.8b)
\pgflinewidth=\dimen195
)
(C:\Users\P\AppData\Local\Programs\MiKTeX\tex/generic/pgf/basiclayer\pgfcoretra
nsformations.code.tex
File: pgfcoretransformations.code.tex 2020/12/27 v3.1.8b (3.1.8b)
\pgf@pt@x=\dimen196
\pgf@pt@y=\dimen197
\pgf@pt@temp=\dimen198
)
(C:\Users\P\AppData\Local\Programs\MiKTeX\tex/generic/pgf/basiclayer\pgfcorequi
ck.code.tex
File: pgfcorequick.code.tex 2020/12/27 v3.1.8b (3.1.8b)
)
(C:\Users\P\AppData\Local\Programs\MiKTeX\tex/generic/pgf/basiclayer\pgfcoreobj
ects.code.tex
File: pgfcoreobjects.code.tex 2020/12/27 v3.1.8b (3.1.8b)
)
(C:\Users\P\AppData\Local\Programs\MiKTeX\tex/generic/pgf/basiclayer\pgfcorepat
hprocessing.code.tex
File: pgfcorepathprocessing.code.tex 2020/12/27 v3.1.8b (3.1.8b)
)
(C:\Users\P\AppData\Local\Programs\MiKTeX\tex/generic/pgf/basiclayer\pgfcorearr
ows.code.tex
File: pgfcorearrows.code.tex 2020/12/27 v3.1.8b (3.1.8b)
\pgfarrowsep=\dimen199
)
(C:\Users\P\AppData\Local\Programs\MiKTeX\tex/generic/pgf/basiclayer\pgfcoresha
de.code.tex
File: pgfcoreshade.code.tex 2020/12/27 v3.1.8b (3.1.8b)
\pgf@max=\dimen256
\pgf@sys@shading@range@num=\count281
\pgf@shadingcount=\count282
)
(C:\Users\P\AppData\Local\Programs\MiKTeX\tex/generic/pgf/basiclayer\pgfcoreima
ge.code.tex
File: pgfcoreimage.code.tex 2020/12/27 v3.1.8b (3.1.8b)

(C:\Users\P\AppData\Local\Programs\MiKTeX\tex/generic/pgf/basiclayer\pgfcoreext
ernal.code.tex
File: pgfcoreexternal.code.tex 2020/12/27 v3.1.8b (3.1.8b)
\pgfexternal@startupbox=\box61
))
(C:\Users\P\AppData\Local\Programs\MiKTeX\tex/generic/pgf/basiclayer\pgfcorelay
ers.code.tex
File: pgfcorelayers.code.tex 2020/12/27 v3.1.8b (3.1.8b)
)
(C:\Users\P\AppData\Local\Programs\MiKTeX\tex/generic/pgf/basiclayer\pgfcoretra
nsparency.code.tex
File: pgfcoretransparency.code.tex 2020/12/27 v3.1.8b (3.1.8b)
)
(C:\Users\P\AppData\Local\Programs\MiKTeX\tex/generic/pgf/basiclayer\pgfcorepat
terns.code.tex
File: pgfcorepatterns.code.tex 2020/12/27 v3.1.8b (3.1.8b)
)
(C:\Users\P\AppData\Local\Programs\MiKTeX\tex/generic/pgf/basiclayer\pgfcorerdf
.code.tex
File: pgfcorerdf.code.tex 2020/12/27 v3.1.8b (3.1.8b)
)))
(C:\Users\P\AppData\Local\Programs\MiKTeX\tex/latex/pgf/utilities\xxcolor.sty
Package: xxcolor 2003/10/24 ver 0.1
\XC@nummixins=\count283
\XC@countmixins=\count284
)
(C:\Users\P\AppData\Local\Programs\MiKTeX\tex/latex/base\atbegshi-ltx.sty
Package: atbegshi-ltx 2020/08/17 v1.0a Emulation of the original atbegshi packa
ge
with kernel methods
)
(C:\Users\P\AppData\Local\Programs\MiKTeX\tex/latex/hyperref\hyperref.sty
Package: hyperref 2020-05-15 v7.00e Hypertext links for LaTeX

(C:\Users\P\AppData\Local\Programs\MiKTeX\tex/generic/ltxcmds\ltxcmds.sty
Package: ltxcmds 2020-05-10 v1.25 LaTeX kernel commands for general use (HO)
)
(C:\Users\P\AppData\Local\Programs\MiKTeX\tex/generic/pdftexcmds\pdftexcmds.sty
Package: pdftexcmds 2020-06-27 v0.33 Utility functions of pdfTeX for LuaTeX (HO
)
(C:\Users\P\AppData\Local\Programs\MiKTeX\tex/generic/infwarerr\infwarerr.sty
Package: infwarerr 2019/12/03 v1.5 Providing info/warning/error messages (HO)
)
Package pdftexcmds Info: \pdf@primitive is available.
Package pdftexcmds Info: \pdf@ifprimitive is available.
Package pdftexcmds Info: \pdfdraftmode found.
) (C:\Users\P\AppData\Local\Programs\MiKTeX\tex/generic/kvsetkeys\kvsetkeys.sty
Package: kvsetkeys 2019/12/15 v1.18 Key value parser (HO)
)
(C:\Users\P\AppData\Local\Programs\MiKTeX\tex/generic/kvdefinekeys\kvdefinekeys
.sty
Package: kvdefinekeys 2019-12-19 v1.6 Define keys (HO)
)
(C:\Users\P\AppData\Local\Programs\MiKTeX\tex/generic/pdfescape\pdfescape.sty
Package: pdfescape 2019/12/09 v1.15 Implements pdfTeX's escape features (HO)
)
(C:\Users\P\AppData\Local\Programs\MiKTeX\tex/latex/hycolor\hycolor.sty
Package: hycolor 2020-01-27 v1.10 Color options for hyperref/bookmark (HO)
)
(C:\Users\P\AppData\Local\Programs\MiKTeX\tex/latex/letltxmacro\letltxmacro.sty
Package: letltxmacro 2019/12/03 v1.6 Let assignment for LaTeX macros (HO)
) (C:\Users\P\AppData\Local\Programs\MiKTeX\tex/latex/auxhook\auxhook.sty
Package: auxhook 2019-12-17 v1.6 Hooks for auxiliary files (HO)
)
(C:\Users\P\AppData\Local\Programs\MiKTeX\tex/latex/kvoptions\kvoptions.sty
Package: kvoptions 2020-10-07 v3.14 Key value format for package options (HO)
)
\@linkdim=\dimen257
\Hy@linkcounter=\count285
\Hy@pagecounter=\count286

(C:\Users\P\AppData\Local\Programs\MiKTeX\tex/latex/hyperref\pd1enc.def
File: pd1enc.def 2020-05-15 v7.00e Hyperref: PDFDocEncoding definition (HO)
Now handling font encoding PD1 ...
... no UTF-8 mapping file for font encoding PD1
)
(C:\Users\P\AppData\Local\Programs\MiKTeX\tex/generic/intcalc\intcalc.sty
Package: intcalc 2019/12/15 v1.3 Expandable calculations with integers (HO)
)
(C:\Users\P\AppData\Local\Programs\MiKTeX\tex/generic/etexcmds\etexcmds.sty
Package: etexcmds 2019/12/15 v1.7 Avoid name clashes with e-TeX commands (HO)
)
\Hy@SavedSpaceFactor=\count287
Package hyperref Info: Option `bookmarks' set `true' on input line 4338.
Package hyperref Info: Option `bookmarksopen' set `true' on input line 4338.
Package hyperref Info: Option `implicit' set `false' on input line 4338.
Package hyperref Info: Hyper figures OFF on input line 4464.
Package hyperref Info: Link nesting OFF on input line 4469.
Package hyperref Info: Hyper index ON on input line 4472.
Package hyperref Info: Plain pages OFF on input line 4479.
Package hyperref Info: Backreferencing OFF on input line 4484.
Package hyperref Info: Implicit mode OFF; no redefinition of LaTeX internals.
Package hyperref Info: Bookmarks ON on input line 4717.
\c@Hy@tempcnt=\count288

(C:\Users\P\AppData\Local\Programs\MiKTeX\tex/latex/url\url.sty
\Urlmuskip=\muskip16
Package: url 2013/09/16  ver 3.4  Verb mode for urls, etc.
)
LaTeX Info: Redefining \url on input line 5076.
\XeTeXLinkMargin=\dimen258

(C:\Users\P\AppData\Local\Programs\MiKTeX\tex/generic/bitset\bitset.sty
Package: bitset 2019/12/09 v1.3 Handle bit-vector datatype (HO)

(C:\Users\P\AppData\Local\Programs\MiKTeX\tex/generic/bigintcalc\bigintcalc.sty
Package: bigintcalc 2019/12/15 v1.5 Expandable calculations on big integers (HO
)
))
\Fld@menulength=\count289
\Field@Width=\dimen259
\Fld@charsize=\dimen260
Package hyperref Info: Hyper figures OFF on input line 6347.
Package hyperref Info: Link nesting OFF on input line 6352.
Package hyperref Info: Hyper index ON on input line 6355.
Package hyperref Info: backreferencing OFF on input line 6362.
Package hyperref Info: Link coloring OFF on input line 6367.
Package hyperref Info: Link coloring with OCG OFF on input line 6372.
Package hyperref Info: PDF/A mode OFF on input line 6377.
LaTeX Info: Redefining \ref on input line 6417.
LaTeX Info: Redefining \pageref on input line 6421.
\Hy@abspage=\count290


Package hyperref Message: Stopped early.

)
Package hyperref Info: Driver (autodetected): hpdftex.
 (C:\Users\P\AppData\Local\Programs\MiKTeX\tex/latex/hyperref\hpdftex.def
File: hpdftex.def 2020-05-15 v7.00e Hyperref driver for pdfTeX

(C:\Users\P\AppData\Local\Programs\MiKTeX\tex/latex/base\atveryend-ltx.sty
Package: atveryend-ltx 2020/08/19 v1.0a Emulation of the original atvery packag
e
with kernel methods
)
\Fld@listcount=\count291
\c@bookmark@seq@number=\count292

(C:\Users\P\AppData\Local\Programs\MiKTeX\tex/latex/rerunfilecheck\rerunfileche
ck.sty
Package: rerunfilecheck 2019/12/05 v1.9 Rerun checks for auxiliary files (HO)

(C:\Users\P\AppData\Local\Programs\MiKTeX\tex/generic/uniquecounter\uniquecount
er.sty
Package: uniquecounter 2019/12/15 v1.4 Provide unlimited unique counter (HO)
)
Package uniquecounter Info: New unique counter `rerunfilecheck' on input line 2
86.
))
(C:\Users\P\AppData\Local\Programs\MiKTeX\tex/latex/beamer\beamerbaserequires.s
ty
(C:\Users\P\AppData\Local\Programs\MiKTeX\tex/latex/beamer\beamerbasecompatibil
ity.sty)
(C:\Users\P\AppData\Local\Programs\MiKTeX\tex/latex/beamer\beamerbasefont.sty
(C:\Users\P\AppData\Local\Programs\MiKTeX\tex/latex/amsfonts\amssymb.sty
Package: amssymb 2013/01/14 v3.01 AMS font symbols

(C:\Users\P\AppData\Local\Programs\MiKTeX\tex/latex/amsfonts\amsfonts.sty
Package: amsfonts 2013/01/14 v3.01 Basic AMSFonts support
\@emptytoks=\toks27
\symAMSa=\mathgroup4
\symAMSb=\mathgroup5
LaTeX Font Info:    Redeclaring math symbol \hbar on input line 98.
LaTeX Font Info:    Overwriting math alphabet `\mathfrak' in version `bold'
(Font)                  U/euf/m/n --> U/euf/b/n on input line 106.
))
(C:\Users\P\AppData\Local\Programs\MiKTeX\tex/latex/sansmathaccent\sansmathacce
nt.sty
Package: sansmathaccent 2020/01/31

(C:\Users\P\AppData\Local\Programs\MiKTeX\tex/latex/koma-script\scrlfile.sty
Package: scrlfile 2020/09/21 v3.32 KOMA-Script package (file load hooks)

(C:\Users\P\AppData\Local\Programs\MiKTeX\tex/latex/koma-script\scrlfile-hook.s
ty
Package: scrlfile-hook 2020/09/21 v3.32 KOMA-Script package (using LaTeX hooks)


LaTeX3 Info: Defining command \BeforeFile with sig. 'm' on line 61.


LaTeX3 Info: Defining command \AfterFile with sig. 'm' on line 65.


LaTeX3 Info: Defining command \BeforeClass with sig. 'm' on line 69.


LaTeX3 Info: Defining command \BeforePackage with sig. 'm' on line 73.


LaTeX3 Info: Defining command \AfterAtEndOfClass with sig. 'smo+m' on line 83.


LaTeX3 Info: Defining command \AfterAtEndOfPackage with sig. 'smo+m' on line
(LaTeX3)     93.


LaTeX3 Info: Defining command \scrlfile@AfterClass with sig. 'smo+m' on line
(LaTeX3)     173.


LaTeX3 Info: Defining command \AfterClass with sig. '' on line 174.


LaTeX3 Info: Defining command \scrlfile@AfterPackage with sig. 'smo+m' on line
(LaTeX3)     191.


LaTeX3 Info: Defining command \AfterPackage with sig. '' on line 192.


LaTeX3 Info: Defining command \ReplaceInput with sig. '' on line 193.


LaTeX3 Info: Defining command \ReplaceClass with sig. 'mm' on line 196.


LaTeX3 Info: Defining command \ReplacePackage with sig. 'mm' on line 199.


LaTeX3 Info: Defining command \UnReplaceInput with sig. '' on line 200.


LaTeX3 Info: Defining command \UnReplaceClass with sig. 'm' on line 203.


LaTeX3 Info: Defining command \UnReplacePackage with sig. 'mm' on line 206.


LaTeX3 Info: Defining command \PreventPackageFromLoading with sig. 's+om' on
(LaTeX3)     line 234.


LaTeX3 Info: Defining command \StorePreventPackageFromLoading with sig. 'm' on
(LaTeX3)     line 242.


LaTeX3 Info: Defining command \ResetPreventPackageFromLoading with sig. '' on
(LaTeX3)     line 247.


LaTeX3 Info: Defining command \UnPreventPackageFromLoading with sig. 'sm' on
(LaTeX3)     line 261.


LaTeX3 Info: Defining command \BeforeClosingMainAux with sig. 'om' on line
(LaTeX3)     274.


LaTeX3 Info: Defining command \AfterReadingMainAux with sig. 'om' on line 287.


LaTeX3 Info: Defining command \protected@immediate@write with sig. 'm+m+m' on
(LaTeX3)     line 298.

 (C:\Users\P\AppData\Local\Programs\MiKTeX\tex/latex/koma-script\scrlogo.sty
Package: scrlogo 2020/09/21 v3.32 KOMA-Script package (logo)
)))))
(C:\Users\P\AppData\Local\Programs\MiKTeX\tex/latex/beamer\beamerbasetranslator
.sty
(C:\Users\P\AppData\Local\Programs\MiKTeX\tex/latex/translator\translator.sty
Package: translator 2020-08-03 v1.12c Easy translation of strings in LaTeX
)) (C:\Users\P\AppData\Local\Programs\MiKTeX\tex/latex/beamer\beamerbasemisc.st
y)
(C:\Users\P\AppData\Local\Programs\MiKTeX\tex/latex/beamer\beamerbasetwoscreens
.sty)
(C:\Users\P\AppData\Local\Programs\MiKTeX\tex/latex/beamer\beamerbaseoverlay.st
y
\beamer@argscount=\count293
\beamer@lastskipcover=\skip50
\beamer@trivlistdepth=\count294
)
(C:\Users\P\AppData\Local\Programs\MiKTeX\tex/latex/beamer\beamerbasetitle.sty)

(C:\Users\P\AppData\Local\Programs\MiKTeX\tex/latex/beamer\beamerbasesection.st
y
\c@lecture=\count295
\c@part=\count296
\c@section=\count297
\c@subsection=\count298
\c@subsubsection=\count299
)
(C:\Users\P\AppData\Local\Programs\MiKTeX\tex/latex/beamer\beamerbaseframe.sty
\beamer@framebox=\box62
\beamer@frametitlebox=\box63
\beamer@zoombox=\box64
\beamer@zoomcount=\count300
\beamer@zoomframecount=\count301
\beamer@frametextheight=\dimen261
\c@subsectionslide=\count302
\beamer@frametopskip=\skip51
\beamer@framebottomskip=\skip52
\beamer@frametopskipautobreak=\skip53
\beamer@framebottomskipautobreak=\skip54
\beamer@envbody=\toks28
\framewidth=\dimen262
\c@framenumber=\count303
)
(C:\Users\P\AppData\Local\Programs\MiKTeX\tex/latex/beamer\beamerbaseverbatim.s
ty
\beamer@verbatimfileout=\write4
)
(C:\Users\P\AppData\Local\Programs\MiKTeX\tex/latex/beamer\beamerbaseframesize.
sty
\beamer@splitbox=\box65
\beamer@autobreakcount=\count304
\beamer@autobreaklastheight=\dimen263
\beamer@frametitletoks=\toks29
\beamer@framesubtitletoks=\toks30
)
(C:\Users\P\AppData\Local\Programs\MiKTeX\tex/latex/beamer\beamerbaseframecompo
nents.sty
\beamer@footins=\box66
)
(C:\Users\P\AppData\Local\Programs\MiKTeX\tex/latex/beamer\beamerbasecolor.sty)
(C:\Users\P\AppData\Local\Programs\MiKTeX\tex/latex/beamer\beamerbasenotes.sty
\beamer@frameboxcopy=\box67
) (C:\Users\P\AppData\Local\Programs\MiKTeX\tex/latex/beamer\beamerbasetoc.sty)

(C:\Users\P\AppData\Local\Programs\MiKTeX\tex/latex/beamer\beamerbasetemplates.
sty
\beamer@sbttoks=\toks31

(C:\Users\P\AppData\Local\Programs\MiKTeX\tex/latex/beamer\beamerbaseauxtemplat
es.sty
(C:\Users\P\AppData\Local\Programs\MiKTeX\tex/latex/beamer\beamerbaseboxes.sty
\bmb@box=\box68
\bmb@colorbox=\box69
\bmb@boxwidth=\dimen264
\bmb@boxheight=\dimen265
\bmb@prevheight=\dimen266
\bmb@temp=\dimen267
\bmb@dima=\dimen268
\bmb@dimb=\dimen269
\bmb@prevheight=\dimen270
)
\beamer@blockheadheight=\dimen271
))
(C:\Users\P\AppData\Local\Programs\MiKTeX\tex/latex/beamer\beamerbaselocalstruc
ture.sty
(C:\Users\P\AppData\Local\Programs\MiKTeX\tex/latex/latex-tools\enumerate.sty
Package: enumerate 2015/07/23 v3.00 enumerate extensions (DPC)
\@enLab=\toks32
)
\beamer@bibiconwidth=\skip55
\c@figure=\count305
\c@table=\count306
\abovecaptionskip=\skip56
\belowcaptionskip=\skip57
)
(C:\Users\P\AppData\Local\Programs\MiKTeX\tex/latex/beamer\beamerbasenavigation
.sty
\beamer@section@min@dim=\dimen272
)
(C:\Users\P\AppData\Local\Programs\MiKTeX\tex/latex/beamer\beamerbasetheorems.s
ty (C:\Users\P\AppData\Local\Programs\MiKTeX\tex/latex/amsmath\amsmath.sty
Package: amsmath 2020/09/23 v2.17i AMS math features
\@mathmargin=\skip58

For additional information on amsmath, use the `?' option.
(C:\Users\P\AppData\Local\Programs\MiKTeX\tex/latex/amsmath\amstext.sty
Package: amstext 2000/06/29 v2.01 AMS text

(C:\Users\P\AppData\Local\Programs\MiKTeX\tex/latex/amsmath\amsgen.sty
File: amsgen.sty 1999/11/30 v2.0 generic functions
\@emptytoks=\toks33
\ex@=\dimen273
))
(C:\Users\P\AppData\Local\Programs\MiKTeX\tex/latex/amsmath\amsbsy.sty
Package: amsbsy 1999/11/29 v1.2d Bold Symbols
\pmbraise@=\dimen274
)
(C:\Users\P\AppData\Local\Programs\MiKTeX\tex/latex/amsmath\amsopn.sty
Package: amsopn 2016/03/08 v2.02 operator names
)
\inf@bad=\count307
LaTeX Info: Redefining \frac on input line 234.
\uproot@=\count308
\leftroot@=\count309
LaTeX Info: Redefining \overline on input line 399.
\classnum@=\count310
\DOTSCASE@=\count311
LaTeX Info: Redefining \ldots on input line 496.
LaTeX Info: Redefining \dots on input line 499.
LaTeX Info: Redefining \cdots on input line 620.
\Mathstrutbox@=\box70
\strutbox@=\box71
\big@size=\dimen275
LaTeX Font Info:    Redeclaring font encoding OML on input line 743.
LaTeX Font Info:    Redeclaring font encoding OMS on input line 744.
\macc@depth=\count312
\c@MaxMatrixCols=\count313
\dotsspace@=\muskip17
\c@parentequation=\count314
\dspbrk@lvl=\count315
\tag@help=\toks34
\row@=\count316
\column@=\count317
\maxfields@=\count318
\andhelp@=\toks35
\eqnshift@=\dimen276
\alignsep@=\dimen277
\tagshift@=\dimen278
\tagwidth@=\dimen279
\totwidth@=\dimen280
\lineht@=\dimen281
\@envbody=\toks36
\multlinegap=\skip59
\multlinetaggap=\skip60
\mathdisplay@stack=\toks37
LaTeX Info: Redefining \[ on input line 2923.
LaTeX Info: Redefining \] on input line 2924.
)
(C:\Users\P\AppData\Local\Programs\MiKTeX\tex/latex/amscls\amsthm.sty
Package: amsthm 2020/05/29 v2.20.6
\thm@style=\toks38
\thm@bodyfont=\toks39
\thm@headfont=\toks40
\thm@notefont=\toks41
\thm@headpunct=\toks42
\thm@preskip=\skip61
\thm@postskip=\skip62
\thm@headsep=\skip63
\dth@everypar=\toks43
)
\c@theorem=\count319
)
(C:\Users\P\AppData\Local\Programs\MiKTeX\tex/latex/beamer\beamerbasethemes.sty
))
(C:\Users\P\AppData\Local\Programs\MiKTeX\tex/latex/beamer\beamerthemedefault.s
ty
(C:\Users\P\AppData\Local\Programs\MiKTeX\tex/latex/beamer\beamerfontthemedefau
lt.sty)
(C:\Users\P\AppData\Local\Programs\MiKTeX\tex/latex/beamer\beamercolorthemedefa
ult.sty)
(C:\Users\P\AppData\Local\Programs\MiKTeX\tex/latex/beamer\beamerinnerthemedefa
ult.sty
\beamer@dima=\dimen282
\beamer@dimb=\dimen283
)
(C:\Users\P\AppData\Local\Programs\MiKTeX\tex/latex/beamer\beamerouterthemedefa
ult.sty)))
(C:\Users\P\AppData\Local\Programs\MiKTeX\tex/latex/beamer\beamerthemeWarsaw.st
y
(C:\Users\P\AppData\Local\Programs\MiKTeX\tex/latex/beamer\beamerinnerthemeroun
ded.sty)
(C:\Users\P\AppData\Local\Programs\MiKTeX\tex/latex/beamer\beamerouterthemeshad
ow.sty
(C:\Users\P\AppData\Local\Programs\MiKTeX\tex/latex/beamer\beamerouterthemespli
t.sty))
(C:\Users\P\AppData\Local\Programs\MiKTeX\tex/latex/beamer\beamercolorthemeorch
id.sty)
(C:\Users\P\AppData\Local\Programs\MiKTeX\tex/latex/beamer\beamercolorthemewhal
e.sty)) (C:\Users\P\AppData\Local\Programs\MiKTeX\tex/latex/bbm\bbm.sty
Package: bbm 1999/03/15 V 1.2 provides fonts for set symbols - TH
LaTeX Font Info:    Overwriting math alphabet `\mathbbm' in version `bold'
(Font)                  U/bbm/m/n --> U/bbm/bx/n on input line 33.
LaTeX Font Info:    Overwriting math alphabet `\mathbbmss' in version `bold'
(Font)                  U/bbmss/m/n --> U/bbmss/bx/n on input line 35.
)
(C:\Users\P\AppData\Local\Programs\MiKTeX\tex/latex/apacite\apacite.sty
Package: apacite 2013/07/21 v6.03 APA citation
\c@BibCnt=\count320
\bibleftmargin=\skip64
\bibindent=\skip65
\bibparsep=\skip66
\bibitemsep=\skip67
\biblabelsep=\skip68
)
(C:\Users\P\AppData\Local\Programs\MiKTeX\tex/generic/babel\babel.sty
Package: babel 2020/12/16 3.52 The Babel package

(C:\Users\P\AppData\Local\Programs\MiKTeX\tex/generic/babel\babel.def
File: babel.def 2020/12/16 3.52 Babel common definitions
\babel@savecnt=\count321
\U@D=\dimen284
\l@babelnohyphens=\language79

(C:\Users\P\AppData\Local\Programs\MiKTeX\tex/generic/babel\txtbabel.def)
\bbl@readstream=\read3
)
LaTeX Info: Redefining \textlatin on input line 715.
\bbl@dirlevel=\count322

*************************************
* Local config file bblopts.cfg used
*
(C:\Users\P\AppData\Local\Programs\MiKTeX\tex/latex/arabi\bblopts.cfg
File: bblopts.cfg 2005/09/08 v0.1 add Arabic and Farsi to "declared" options of
 babel
)
(C:\Users\P\AppData\Local\Programs\MiKTeX\tex/latex/babel-english\english.ldf
Language: english 2017/06/06 v3.3r English support from the babel system
Package babel Info: \l@canadian = using hyphenrules for english
(babel)             (\language0) on input line 102.
Package babel Info: \l@australian = using hyphenrules for ukenglish
(babel)             (\language73) on input line 105.
Package babel Info: \l@newzealand = using hyphenrules for ukenglish
(babel)             (\language73) on input line 108.
)) (C:\Users\P\AppData\Local\Programs\MiKTeX\tex/latex/base\makeidx.sty
Package: makeidx 2014/09/29 v1.0m Standard LaTeX package
)
(C:\Users\P\AppData\Local\Programs\MiKTeX\tex/latex/latex-tools\verbatim.sty
Package: verbatim 2020-07-07 v1.5u LaTeX2e package for verbatim enhancements
\every@verbatim=\toks44
\verbatim@line=\toks45
\verbatim@in@stream=\read4
)
(C:\Users\P\AppData\Local\Programs\MiKTeX\tex/latex/base\latexsym.sty
Package: latexsym 1998/08/17 v2.2e Standard LaTeX package (lasy symbols)
\symlasy=\mathgroup6
LaTeX Font Info:    Overwriting symbol font `lasy' in version `bold'
(Font)                  U/lasy/m/n --> U/lasy/b/n on input line 52.
)
(C:\Users\P\AppData\Local\Programs\MiKTeX\tex/latex/jknappen\mathrsfs.sty
Package: mathrsfs 1996/01/01 Math RSFS package v1.0 (jk)
\symrsfs=\mathgroup7
)
(C:\Users\P\AppData\Local\Programs\MiKTeX\tex/latex/nomencl\nomencl.sty
Package: nomencl 2020/12/29 v5.5 Nomenclature package

(C:\Users\P\AppData\Local\Programs\MiKTeX\tex/latex/xkeyval\xkeyval.sty
Package: xkeyval 2020/11/20 v2.8 package option processing (HA)

(C:\Users\P\AppData\Local\Programs\MiKTeX\tex/generic/xkeyval\xkeyval.tex
(C:\Users\P\AppData\Local\Programs\MiKTeX\tex/generic/xkeyval\xkvutils.tex
\XKV@toks=\toks46
\XKV@tempa@toks=\toks47
)
\XKV@depth=\count323
File: xkeyval.tex 2014/12/03 v2.7a key=value parser (HA)
))
(C:\Users\P\AppData\Local\Programs\MiKTeX\tex/latex/base\ifthen.sty
Package: ifthen 2014/09/29 v1.1c Standard LaTeX ifthen package (DPC)
)
(C:\Users\P\AppData\Local\Programs\MiKTeX\tex/latex/koma-script\tocbasic.sty
Package: tocbasic 2020/09/21 v3.32 KOMA-Script package (handling toc-files)

(C:\Users\P\AppData\Local\Programs\MiKTeX\tex/latex/koma-script\scrbase.sty
Package: scrbase 2020/09/21 v3.32 KOMA-Script package (KOMA-Script-independent 
basics and keyval usage)
)
\scr@dte@tocline@numberwidth=\skip69
\scr@dte@tocline@numbox=\box72
)
Package tocbasic Info: setting babel extension for `nlo' on input line 187.
Package tocbasic Info: setting babel extension for `nls' on input line 188.
\nomlabelwidth=\dimen285
\nom@tempdim=\dimen286
\nomitemsep=\skip70
)
(C:\Users\P\AppData\Local\Programs\MiKTeX\tex/latex/pgf/frontendlayer\tikz.sty
(C:\Users\P\AppData\Local\Programs\MiKTeX\tex/latex/pgf/basiclayer\pgf.sty
Package: pgf 2020/12/27 v3.1.8b (3.1.8b)

(C:\Users\P\AppData\Local\Programs\MiKTeX\tex/generic/pgf/modules\pgfmoduleshap
es.code.tex
File: pgfmoduleshapes.code.tex 2020/12/27 v3.1.8b (3.1.8b)
\pgfnodeparttextbox=\box73
)
(C:\Users\P\AppData\Local\Programs\MiKTeX\tex/generic/pgf/modules\pgfmoduleplot
.code.tex
File: pgfmoduleplot.code.tex 2020/12/27 v3.1.8b (3.1.8b)
)
(C:\Users\P\AppData\Local\Programs\MiKTeX\tex/latex/pgf/compatibility\pgfcomp-v
ersion-0-65.sty
Package: pgfcomp-version-0-65 2020/12/27 v3.1.8b (3.1.8b)
\pgf@nodesepstart=\dimen287
\pgf@nodesepend=\dimen288
)
(C:\Users\P\AppData\Local\Programs\MiKTeX\tex/latex/pgf/compatibility\pgfcomp-v
ersion-1-18.sty
Package: pgfcomp-version-1-18 2020/12/27 v3.1.8b (3.1.8b)
))
(C:\Users\P\AppData\Local\Programs\MiKTeX\tex/latex/pgf/utilities\pgffor.sty
(C:\Users\P\AppData\Local\Programs\MiKTeX\tex/latex/pgf/utilities\pgfkeys.sty
(C:\Users\P\AppData\Local\Programs\MiKTeX\tex/generic/pgf/utilities\pgfkeys.cod
e.tex))
(C:\Users\P\AppData\Local\Programs\MiKTeX\tex/latex/pgf/math\pgfmath.sty
(C:\Users\P\AppData\Local\Programs\MiKTeX\tex/generic/pgf/math\pgfmath.code.tex
))
(C:\Users\P\AppData\Local\Programs\MiKTeX\tex/generic/pgf/utilities\pgffor.code
.tex
Package: pgffor 2020/12/27 v3.1.8b (3.1.8b)

(C:\Users\P\AppData\Local\Programs\MiKTeX\tex/generic/pgf/math\pgfmath.code.tex
)
\pgffor@iter=\dimen289
\pgffor@skip=\dimen290
\pgffor@stack=\toks48
\pgffor@toks=\toks49
))
(C:\Users\P\AppData\Local\Programs\MiKTeX\tex/generic/pgf/frontendlayer/tikz\ti
kz.code.tex
Package: tikz 2020/12/27 v3.1.8b (3.1.8b)

(C:\Users\P\AppData\Local\Programs\MiKTeX\tex/generic/pgf/libraries\pgflibraryp
lothandlers.code.tex
File: pgflibraryplothandlers.code.tex 2020/12/27 v3.1.8b (3.1.8b)
\pgf@plot@mark@count=\count324
\pgfplotmarksize=\dimen291
)
\tikz@lastx=\dimen292
\tikz@lasty=\dimen293
\tikz@lastxsaved=\dimen294
\tikz@lastysaved=\dimen295
\tikz@lastmovetox=\dimen296
\tikz@lastmovetoy=\dimen297
\tikzleveldistance=\dimen298
\tikzsiblingdistance=\dimen299
\tikz@figbox=\box74
\tikz@figbox@bg=\box75
\tikz@tempbox=\box76
\tikz@tempbox@bg=\box77
\tikztreelevel=\count325
\tikznumberofchildren=\count326
\tikznumberofcurrentchild=\count327
\tikz@fig@count=\count328

(C:\Users\P\AppData\Local\Programs\MiKTeX\tex/generic/pgf/modules\pgfmodulematr
ix.code.tex
File: pgfmodulematrix.code.tex 2020/12/27 v3.1.8b (3.1.8b)
\pgfmatrixcurrentrow=\count329
\pgfmatrixcurrentcolumn=\count330
\pgf@matrix@numberofcolumns=\count331
)
\tikz@expandcount=\count332

(C:\Users\P\AppData\Local\Programs\MiKTeX\tex/generic/pgf/frontendlayer/tikz/li
braries\tikzlibrarytopaths.code.tex
File: tikzlibrarytopaths.code.tex 2020/12/27 v3.1.8b (3.1.8b)
)))
(C:\Users\P\AppData\Local\Programs\MiKTeX\tex/latex/caption\caption.sty
Package: caption 2020/10/26 v3.5g Customizing captions (AR)

(C:\Users\P\AppData\Local\Programs\MiKTeX\tex/latex/caption\caption3.sty
Package: caption3 2020/10/21 v2.2e caption3 kernel (AR)
\captionmargin=\dimen300
\captionmargin@=\dimen301
\captionwidth=\dimen302
\caption@tempdima=\dimen303
\caption@indent=\dimen304
\caption@parindent=\dimen305
\caption@hangindent=\dimen306
Package caption Info: beamer document class detected.

(C:\Users\P\AppData\Local\Programs\MiKTeX\tex/latex/caption\caption-beamer.sto
File: caption-beamer.sto 2020/08/22 v2.0 Adaption of the caption package to the
 beamer document classes (AR)
))
\c@caption@flags=\count333
\c@continuedfloat=\count334
Package caption Info: hyperref package is loaded.
Package caption Info: Hyperref support is turned off
(caption)             because hyperref has stopped early.
) (C:\Users\P\AppData\Local\Programs\MiKTeX\tex/latex/caption\subcaption.sty
Package: subcaption 2020/10/07 v1.3j Sub-captions (AR)
\c@subfigure=\count335
\c@subtable=\count336
)
(C:\Users\P\AppData\Local\Programs\MiKTeX\tex/latex/enumitem\enumitem.sty
Package: enumitem 2019/06/20 v3.9 Customized lists
\labelindent=\skip71
\enit@outerparindent=\dimen307
\enit@toks=\toks50
\enit@inbox=\box78
\enit@count@id=\count337
\enitdp@description=\count338
)
(C:\Users\P\AppData\Local\Programs\MiKTeX\tex/latex/latex-tools\multicol.sty
Package: multicol 2019/12/09 v1.8y multicolumn formatting (FMi)
\c@tracingmulticols=\count339
\mult@box=\box79
\multicol@leftmargin=\dimen308
\c@unbalance=\count340
\c@collectmore=\count341
\doublecol@number=\count342
\multicoltolerance=\count343
\multicolpretolerance=\count344
\full@width=\dimen309
\page@free=\dimen310
\premulticols=\dimen311
\postmulticols=\dimen312
\multicolsep=\skip72
\multicolbaselineskip=\skip73
\partial@page=\box80
\last@line=\box81
\maxbalancingoverflow=\dimen313
\mult@rightbox=\box82
\mult@grightbox=\box83
\mult@gfirstbox=\box84
\mult@firstbox=\box85
\@tempa=\box86
\@tempa=\box87
\@tempa=\box88
\@tempa=\box89
\@tempa=\box90
\@tempa=\box91
\@tempa=\box92
\@tempa=\box93
\@tempa=\box94
\@tempa=\box95
\@tempa=\box96
\@tempa=\box97
\@tempa=\box98
\@tempa=\box99
\@tempa=\box100
\@tempa=\box101
\@tempa=\box102
\@tempa=\box103
\@tempa=\box104
\@tempa=\box105
\@tempa=\box106
\@tempa=\box107
\@tempa=\box108
\@tempa=\box109
\@tempa=\box110
\@tempa=\box111
\@tempa=\box112
\@tempa=\box113
\@tempa=\box114
\@tempa=\box115
\@tempa=\box116
\@tempa=\box117
\@tempa=\box118
\@tempa=\box119
\@tempa=\box120
\@tempa=\box121
\@tempa=\box122
\c@minrows=\count345
\c@columnbadness=\count346
\c@finalcolumnbadness=\count347
\last@try=\dimen314
\multicolovershoot=\dimen315
\multicolundershoot=\dimen316
\mult@nat@firstbox=\box123
\colbreak@box=\box124
\mc@col@check@num=\count348
)
(C:\Users\P\AppData\Local\Programs\MiKTeX\tex/latex/natbib\natbib.sty
Package: natbib 2010/09/13 8.31b (PWD, AO)
\bibhang=\skip74
\bibsep=\skip75
LaTeX Info: Redefining \cite on input line 694.
LaTeX Info: Redefining \citeauthor on input line 712.
LaTeX Info: Redefining \citeyear on input line 735.
\c@NAT@ctr=\count349
)
\sympureletters=\mathgroup8
LaTeX Font Info:    Overwriting symbol font `pureletters' in version `bold'
(Font)                  OT1/mathkerncmss/m/sl --> OT1/mathkerncmss/bx/sl on inp
ut line 9.

(C:\Users\P\AppData\Local\Programs\MiKTeX\tex/latex/latex-tools\bm.sty
Package: bm 2019/07/24 v1.2d Bold Symbol Support (DPC/FMi)
\symboldoperators=\mathgroup9
\symboldletters=\mathgroup10
\symboldsymbols=\mathgroup11
\symboldlasy=\mathgroup12
LaTeX Font Info:    Redeclaring math alphabet \mathbf on input line 141.
LaTeX Info: Redefining \bm on input line 209.
)
(C:\Users\P\AppData\Local\Programs\MiKTeX\tex/latex/graphics\lscape.sty
Package: lscape 2020/05/28 v3.02 Landscape Pages (DPC)
)
(C:\Users\P\AppData\Local\Programs\MiKTeX\tex/latex/tasks\tasks.sty
(C:\Users\P\AppData\Local\Programs\MiKTeX\tex/latex/l3kernel\expl3.sty
Package: expl3 2021-01-09 L3 programming layer (loader) 

(C:\Users\P\AppData\Local\Programs\MiKTeX\tex/latex/l3backend\l3backend-pdftex.
def
File: l3backend-pdftex.def 2021-01-09 L3 backend support: PDF output (pdfTeX)
\l__kernel_color_stack_int=\count350
\l__pdf_internal_box=\box125
))
(C:\Users\P\AppData\Local\Programs\MiKTeX\tex/latex/l3packages/xparse\xparse.st
y
Package: xparse 2020-10-27 L3 Experimental document command parser

(C:\Users\P\AppData\Local\Programs\MiKTeX\tex/latex/l3packages/xparse\xparse-ge
neric.tex))
(C:\Users\P\AppData\Local\Programs\MiKTeX\tex/latex/l3packages/xtemplate\xtempl
ate.sty
Package: xtemplate 2020-10-27 L3 Experimental prototype document functions
\l__xtemplate_tmp_dim=\dimen317
\l__xtemplate_tmp_int=\count351
\l__xtemplate_tmp_muskip=\muskip18
\l__xtemplate_tmp_skip=\skip76
)
Package: tasks 2020/08/19 v1.3 lists with columns filled horizontally
\g__tasks_total_items_int=\count352
\l__tasks_columns_int=\count353
\g__tasks_rows_int=\count354
\g__tasks_current_col_num_int=\count355
\g__tasks_current_row_num_int=\count356
\l__tasks_item_columns_int=\count357
\g__tasks_env_int=\count358
\l__tasks_start_int=\count359
\l__tasks_item_indent_dim=\dimen318
\l__tasks_item_default_indent_dim=\dimen319
\l__tasks_item_width_dim=\dimen320
\l__tasks_label_width_dim=\dimen321
\l__tasks_label_default_width_dim=\dimen322
\l__tasks_label_offset_dim=\dimen323
\l__tasks_label_default_offset_dim=\dimen324
\l__tasks_column_sep_dim=\dimen325
\l__tasks_correction_dim=\dimen326
\l__tasks_full_width_dim=\dimen327
\l__tasks_after_item_skip=\skip77
\l__tasks_custom_after_item_skip=\skip78
\l__tasks_before_list_skip=\skip79
\l__tasks_after_list_skip=\skip80
\l__tasks_item_coffin=\box126
\l__tasks_label_coffin=\box127
\c@task=\count360
\l__tasks_tmpa_int=\count361
\l__tasks_tmpb_int=\count362
\l__tasks_tmpa_coffin=\box128
\l__tasks_tmpa_box=\box129

Package xtemplate Info: Declaring object type 'tasks' taking 3 argument(s) on
(xtemplate)             line 443.

 (C:\Users\P\AppData\Local\Programs\MiKTeX\tex/latex/tasks\tasks.cfg))
(C:\Users\P\AppData\Local\Programs\MiKTeX\tex/latex/comment\comment.sty
\CommentStream=\write5

Excluding comment 'comment')
(C:\Users\P\AppData\Local\Programs\MiKTeX\tex/latex/float\float.sty
Package: float 2001/11/08 v1.3d Float enhancements (AL)
\c@float@type=\count363
\float@exts=\toks51
\float@box=\box130
\@float@everytoks=\toks52
\@floatcapt=\box131
)
(C:\Users\P\AppData\Local\Programs\MiKTeX\tex/latex/pdfpages\pdfpages.sty
Package: pdfpages 2021/02/05 v0.5s Insert pages of external PDF documents (AM)

(C:\Users\P\AppData\Local\Programs\MiKTeX\tex/latex/latex-tools\calc.sty
Package: calc 2017/05/25 v4.3 Infix arithmetic (KKT,FJ)
\calc@Acount=\count364
\calc@Bcount=\count365
\calc@Adimen=\dimen328
\calc@Bdimen=\dimen329
\calc@Askip=\skip81
\calc@Bskip=\skip82
LaTeX Info: Redefining \setlength on input line 80.
LaTeX Info: Redefining \addtolength on input line 81.
\calc@Ccount=\count366
\calc@Cskip=\skip83
)
(C:\Users\P\AppData\Local\Programs\MiKTeX\tex/latex/eso-pic\eso-pic.sty
Package: eso-pic 2020/10/14 v3.0a eso-pic (RN)
\ESO@tempdima=\dimen330
\ESO@tempdimb=\dimen331
)
\AM@pagewidth=\dimen332
\AM@pageheight=\dimen333
\AM@fboxrule=\dimen334

(C:\Users\P\AppData\Local\Programs\MiKTeX\tex/latex/pdfpages\pppdftex.def
File: pppdftex.def 2021/02/05 v0.5s Pdfpages driver for pdfTeX (AM)
)
\pdfpages@includegraphics@status=\count367
\AM@pagebox=\box132
\AM@global@opts=\toks53
\AM@pagecnt=\count368
\AM@toc@title=\toks54
\c@AM@survey=\count369
\AM@templatesizebox=\box133
)
(C:\Users\P\AppData\Local\Programs\MiKTeX\tex/latex/latex-tools\tabularx.sty
Package: tabularx 2020/01/15 v2.11c `tabularx' package (DPC)

(C:\Users\P\AppData\Local\Programs\MiKTeX\tex/latex/latex-tools\array.sty
Package: array 2020/10/01 v2.5c Tabular extension package (FMi)
\col@sep=\dimen335
\ar@mcellbox=\box134
\extrarowheight=\dimen336
\NC@list=\toks55
\extratabsurround=\skip84
\backup@length=\skip85
\ar@cellbox=\box135
)
\TX@col@width=\dimen337
\TX@old@table=\dimen338
\TX@old@col=\dimen339
\TX@target=\dimen340
\TX@delta=\dimen341
\TX@cols=\count370
\TX@ftn=\toks56
)
(C:\Users\P\AppData\Local\Programs\MiKTeX\tex/latex/booktabs\booktabs.sty
Package: booktabs 2020/01/12 v1.61803398 Publication quality tables
\heavyrulewidth=\dimen342
\lightrulewidth=\dimen343
\cmidrulewidth=\dimen344
\belowrulesep=\dimen345
\belowbottomsep=\dimen346
\aboverulesep=\dimen347
\abovetopsep=\dimen348
\cmidrulesep=\dimen349
\cmidrulekern=\dimen350
\defaultaddspace=\dimen351
\@cmidla=\count371
\@cmidlb=\count372
\@aboverulesep=\dimen352
\@belowrulesep=\dimen353
\@thisruleclass=\count373
\@lastruleclass=\count374
\@thisrulewidth=\dimen354
)
(C:\Users\P\AppData\Local\Programs\MiKTeX\tex/latex/latex-tools\longtable.sty
Package: longtable 2020/01/07 v4.13 Multi-page Table package (DPC)
\LTleft=\skip86
\LTright=\skip87
\LTpre=\skip88
\LTpost=\skip89
\LTchunksize=\count375
\LTcapwidth=\dimen355
\LT@head=\box136
\LT@firsthead=\box137
\LT@foot=\box138
\LT@lastfoot=\box139
\LT@cols=\count376
\LT@rows=\count377
\c@LT@tables=\count378
\c@LT@chunks=\count379
\LT@p@ftn=\toks57
)
(C:\Users\P\AppData\Local\Programs\MiKTeX\tex/latex/colortbl\colortbl.sty
Package: colortbl 2020/01/04 v1.0e Color table columns (DPC)
\everycr=\toks58
\minrowclearance=\skip90
)
(C:\Users\P\AppData\Local\Programs\MiKTeX\tex/latex/multirow\multirow.sty
Package: multirow 2021/01/29 v2.7 Span multiple rows of a table
\multirow@colwidth=\skip91
\multirow@cntb=\count380
\multirow@dima=\skip92
\bigstrutjot=\dimen356
)
(C:\Users\P\AppData\Local\Programs\MiKTeX\tex/latex/mathtools\mathtools.sty
Package: mathtools 2020/03/24 v1.24 mathematical typesetting tools

(C:\Users\P\AppData\Local\Programs\MiKTeX\tex/latex/mathtools\mhsetup.sty
Package: mhsetup 2017/03/31 v1.3 programming setup (MH)
)
LaTeX Info: Thecontrolsequence`\('isalreadyrobust on input line 130.
LaTeX Info: Thecontrolsequence`\)'isalreadyrobust on input line 130.
LaTeX Info: Thecontrolsequence`\['isalreadyrobust on input line 130.
LaTeX Info: Thecontrolsequence`\]'isalreadyrobust on input line 130.
\g_MT_multlinerow_int=\count381
\l_MT_multwidth_dim=\dimen357
\origjot=\skip93
\l_MT_shortvdotswithinadjustabove_dim=\dimen358
\l_MT_shortvdotswithinadjustbelow_dim=\dimen359
\l_MT_above_intertext_sep=\dimen360
\l_MT_below_intertext_sep=\dimen361
\l_MT_above_shortintertext_sep=\dimen362
\l_MT_below_shortintertext_sep=\dimen363
\xmathstrut@box=\box140
\xmathstrut@dim=\dimen364
)
(C:\Users\P\AppData\Local\Programs\MiKTeX\tex/generic/pgf/frontendlayer/tikz/li
braries\tikzlibraryshapes.multipart.code.tex
File: tikzlibraryshapes.multipart.code.tex 2020/12/27 v3.1.8b (3.1.8b)

(C:\Users\P\AppData\Local\Programs\MiKTeX\tex/generic/pgf/libraries/shapes\pgfl
ibraryshapes.multipart.code.tex
File: pgflibraryshapes.multipart.code.tex 2020/12/27 v3.1.8b (3.1.8b)
\pgfnodepartlowerbox=\box141
\pgfnodeparttwobox=\box142
\pgfnodepartthreebox=\box143
\pgfnodepartfourbox=\box144
\pgfnodeparttwentybox=\box145
\pgfnodepartnineteenbox=\box146
\pgfnodeparteighteenbox=\box147
\pgfnodepartseventeenbox=\box148
\pgfnodepartsixteenbox=\box149
\pgfnodepartfifteenbox=\box150
\pgfnodepartfourteenbox=\box151
\pgfnodepartthirteenbox=\box152
\pgfnodeparttwelvebox=\box153
\pgfnodepartelevenbox=\box154
\pgfnodeparttenbox=\box155
\pgfnodepartninebox=\box156
\pgfnodeparteightbox=\box157
\pgfnodepartsevenbox=\box158
\pgfnodepartsixbox=\box159
\pgfnodepartfivebox=\box160
))
(C:\Users\P\AppData\Local\Programs\MiKTeX\tex/generic/pgf/frontendlayer/tikz/li
braries\tikzlibrarypositioning.code.tex
File: tikzlibrarypositioning.code.tex 2020/12/27 v3.1.8b (3.1.8b)
)
(C:\Users\P\AppData\Local\Programs\MiKTeX\tex/generic/pgf/frontendlayer/tikz/li
braries\tikzlibrarycalc.code.tex
File: tikzlibrarycalc.code.tex 2020/12/27 v3.1.8b (3.1.8b)
)
(C:\Users\P\AppData\Local\Programs\MiKTeX\tex/generic/pgf/frontendlayer/tikz/li
braries\tikzlibraryshapes.geometric.code.tex
File: tikzlibraryshapes.geometric.code.tex 2020/12/27 v3.1.8b (3.1.8b)

(C:\Users\P\AppData\Local\Programs\MiKTeX\tex/generic/pgf/libraries/shapes\pgfl
ibraryshapes.geometric.code.tex
File: pgflibraryshapes.geometric.code.tex 2020/12/27 v3.1.8b (3.1.8b)
))
(C:\Users\P\AppData\Local\Programs\MiKTeX\tex/generic/pgf/frontendlayer/tikz/li
braries\tikzlibraryarrows.code.tex
File: tikzlibraryarrows.code.tex 2020/12/27 v3.1.8b (3.1.8b)

(C:\Users\P\AppData\Local\Programs\MiKTeX\tex/generic/pgf/libraries\pgflibrarya
rrows.code.tex
File: pgflibraryarrows.code.tex 2020/12/27 v3.1.8b (3.1.8b)
\arrowsize=\dimen365
))
(C:\Users\P\AppData\Local\Programs\MiKTeX\tex/generic/pgf/frontendlayer/tikz/li
braries\tikzlibrarymatrix.code.tex
File: tikzlibrarymatrix.code.tex 2020/12/27 v3.1.8b (3.1.8b)
)
(C:\Users\P\AppData\Local\Programs\MiKTeX\tex/generic/pgf/frontendlayer/tikz/li
braries\tikzlibraryfit.code.tex
File: tikzlibraryfit.code.tex 2020/12/27 v3.1.8b (3.1.8b)
)
(C:\Users\P\AppData\Local\Programs\MiKTeX\tex/generic/pgf/frontendlayer/tikz/li
braries\tikzlibrarybackgrounds.code.tex
File: tikzlibrarybackgrounds.code.tex 2020/12/27 v3.1.8b (3.1.8b)
\pgf@layerbox@background=\box161
\pgf@layerboxsaved@background=\box162
)
(C:\Users\P\AppData\Local\Programs\MiKTeX\tex/generic/pgf/frontendlayer/tikz/li
braries\tikzlibraryintersections.code.tex
(C:\Users\P\AppData\Local\Programs\MiKTeX\tex/generic/pgf/libraries\pgflibraryi
ntersections.code.tex
(C:\Users\P\AppData\Local\Programs\MiKTeX\tex/generic/pgf/libraries\pgflibraryf
pu.code.tex)
\pgf@intersect@solutions=\count382
))
\@nomenclaturefile=\write6
\openout6 = `alli_beamer.nlo'.

Package nomencl Info: Writing nomenclature file alli_beamer.nlo on input line 1
5.

(C:\Users\P\AppData\Local\Programs\MiKTeX\tex/latex/beamer\beamerinnerthemerect
angles.sty) (alli_beamer.aux)
\openout1 = `alli_beamer.aux'.

LaTeX Font Info:    Checking defaults for OML/cmm/m/it on input line 33.
LaTeX Font Info:    ... okay on input line 33.
LaTeX Font Info:    Checking defaults for OMS/cmsy/m/n on input line 33.
LaTeX Font Info:    ... okay on input line 33.
LaTeX Font Info:    Checking defaults for OT1/cmr/m/n on input line 33.
LaTeX Font Info:    ... okay on input line 33.
LaTeX Font Info:    Checking defaults for T1/cmr/m/n on input line 33.
LaTeX Font Info:    ... okay on input line 33.
LaTeX Font Info:    Checking defaults for TS1/cmr/m/n on input line 33.
LaTeX Font Info:    ... okay on input line 33.
LaTeX Font Info:    Checking defaults for OMX/cmex/m/n on input line 33.
LaTeX Font Info:    ... okay on input line 33.
LaTeX Font Info:    Checking defaults for U/cmr/m/n on input line 33.
LaTeX Font Info:    ... okay on input line 33.
LaTeX Font Info:    Checking defaults for PD1/pdf/m/n on input line 33.
LaTeX Font Info:    ... okay on input line 33.

*geometry* driver: auto-detecting
*geometry* detected driver: pdftex
*geometry* verbose mode - [ preamble ] result:
* driver: pdftex
* paper: custom
* layout: <same size as paper>
* layoutoffset:(h,v)=(0.0pt,0.0pt)
* modes: includehead includefoot 
* h-part:(L,W,R)=(28.45274pt, 307.28987pt, 28.45274pt)
* v-part:(T,H,B)=(0.0pt, 273.14662pt, 0.0pt)
* \paperwidth=364.19536pt
* \paperheight=273.14662pt
* \textwidth=307.28987pt
* \textheight=244.6939pt
* \oddsidemargin=-43.81725pt
* \evensidemargin=-43.81725pt
* \topmargin=-72.26999pt
* \headheight=14.22636pt
* \headsep=0.0pt
* \topskip=11.0pt
* \footskip=14.22636pt
* \marginparwidth=4.0pt
* \marginparsep=10.0pt
* \columnsep=10.0pt
* \skip\footins=10.0pt plus 4.0pt minus 2.0pt
* \hoffset=0.0pt
* \voffset=0.0pt
* \mag=1000
* \@twocolumnfalse
* \@twosidefalse
* \@mparswitchfalse
* \@reversemarginfalse
* (1in=72.27pt=25.4mm, 1cm=28.453pt)

(C:\Users\P\AppData\Local\Programs\MiKTeX\tex/context/base/mkii\supp-pdf.mkii
[Loading MPS to PDF converter (version 2006.09.02).]
\scratchcounter=\count383
\scratchdimen=\dimen366
\scratchbox=\box163
\nofMPsegments=\count384
\nofMParguments=\count385
\everyMPshowfont=\toks59
\MPscratchCnt=\count386
\MPscratchDim=\dimen367
\MPnumerator=\count387
\makeMPintoPDFobject=\count388
\everyMPtoPDFconversion=\toks60
)
(C:\Users\P\AppData\Local\Programs\MiKTeX\tex/latex/epstopdf-pkg\epstopdf-base.
sty
Package: epstopdf-base 2020-01-24 v2.11 Base part for package epstopdf
Package epstopdf-base Info: Redefining graphics rule for `.eps' on input line 4
85.
)
Package hyperref Info: Link coloring OFF on input line 33.
 (C:\Users\P\AppData\Local\Programs\MiKTeX\tex/latex/hyperref\nameref.sty
Package: nameref 2019/09/16 v2.46 Cross-referencing by name of section

(C:\Users\P\AppData\Local\Programs\MiKTeX\tex/latex/refcount\refcount.sty
Package: refcount 2019/12/15 v3.6 Data extraction from label references (HO)
)
(C:\Users\P\AppData\Local\Programs\MiKTeX\tex/generic/gettitlestring\gettitlest
ring.sty
Package: gettitlestring 2019/12/15 v1.6 Cleanup title references (HO)
)
\c@section@level=\count389
)
LaTeX Info: Redefining \ref on input line 33.
LaTeX Info: Redefining \pageref on input line 33.
LaTeX Info: Redefining \nameref on input line 33.
 (alli_beamer.out) (alli_beamer.out)
\@outlinefile=\write7
\openout7 = `alli_beamer.out'.

LaTeX Font Info:    Overwriting symbol font `operators' in version `normal'
(Font)                  OT1/cmr/m/n --> OT1/cmss/m/n on input line 33.
LaTeX Font Info:    Overwriting symbol font `operators' in version `bold'
(Font)                  OT1/cmr/bx/n --> OT1/cmss/b/n on input line 33.
\symnumbers=\mathgroup13
LaTeX Font Info:    Redeclaring symbol font `pureletters' on input line 33.
LaTeX Font Info:    Overwriting symbol font `pureletters' in version `normal'
(Font)                  OT1/mathkerncmss/m/sl --> OT1/cmss/m/it on input line 3
3.
LaTeX Font Info:    Overwriting symbol font `pureletters' in version `bold'
(Font)                  OT1/mathkerncmss/bx/sl --> OT1/cmss/m/it on input line 
33.
LaTeX Font Info:    Overwriting math alphabet `\mathrm' in version `normal'
(Font)                  OT1/cmss/m/n --> OT1/cmr/m/n on input line 33.
LaTeX Font Info:    Redeclaring math alphabet \mathbf on input line 33.
LaTeX Font Info:    Redeclaring math alphabet \mathsf on input line 33.
LaTeX Font Info:    Overwriting math alphabet `\mathsf' in version `normal'
(Font)                  OT1/cmss/m/n --> OT1/cmss/m/n on input line 33.
LaTeX Font Info:    Overwriting math alphabet `\mathsf' in version `bold'
(Font)                  OT1/cmss/bx/n --> OT1/cmss/m/n on input line 33.
LaTeX Font Info:    Redeclaring math alphabet \mathit on input line 33.
LaTeX Font Info:    Overwriting math alphabet `\mathit' in version `normal'
(Font)                  OT1/cmr/m/it --> OT1/cmss/m/it on input line 33.
LaTeX Font Info:    Overwriting math alphabet `\mathit' in version `bold'
(Font)                  OT1/cmr/bx/it --> OT1/cmss/m/it on input line 33.
LaTeX Font Info:    Redeclaring math alphabet \mathtt on input line 33.
LaTeX Font Info:    Overwriting math alphabet `\mathtt' in version `normal'
(Font)                  OT1/cmtt/m/n --> OT1/cmtt/m/n on input line 33.
LaTeX Font Info:    Overwriting math alphabet `\mathtt' in version `bold'
(Font)                  OT1/cmtt/m/n --> OT1/cmtt/m/n on input line 33.
LaTeX Font Info:    Overwriting symbol font `numbers' in version `bold'
(Font)                  OT1/cmss/m/n --> OT1/cmss/b/n on input line 33.
LaTeX Font Info:    Overwriting symbol font `pureletters' in version `bold'
(Font)                  OT1/cmss/m/it --> OT1/cmss/b/it on input line 33.
LaTeX Font Info:    Overwriting math alphabet `\mathrm' in version `bold'
(Font)                  OT1/cmss/b/n --> OT1/cmr/b/n on input line 33.
LaTeX Font Info:    Overwriting math alphabet `\mathbf' in version `bold'
(Font)                  OT1/cmss/b/n --> OT1/cmss/b/n on input line 33.
LaTeX Font Info:    Overwriting math alphabet `\mathsf' in version `bold'
(Font)                  OT1/cmss/m/n --> OT1/cmss/b/n on input line 33.
LaTeX Font Info:    Overwriting math alphabet `\mathit' in version `bold'
(Font)                  OT1/cmss/m/it --> OT1/cmss/b/it on input line 33.
LaTeX Font Info:    Overwriting math alphabet `\mathtt' in version `bold'
(Font)                  OT1/cmtt/m/n --> OT1/cmtt/b/n on input line 33.
LaTeX Font Info:    Redeclaring symbol font `pureletters' on input line 33.
LaTeX Font Info:    Overwriting symbol font `pureletters' in version `normal'
(Font)                  OT1/cmss/m/it --> OT1/mathkerncmss/m/sl on input line 3
3.
LaTeX Font Info:    Overwriting symbol font `pureletters' in version `bold'
(Font)                  OT1/cmss/b/it --> OT1/mathkerncmss/m/sl on input line 3
3.
LaTeX Font Info:    Overwriting symbol font `pureletters' in version `bold'
(Font)                  OT1/mathkerncmss/m/sl --> OT1/mathkerncmss/bx/sl on inp
ut line 33.

(C:\Users\P\AppData\Local\Programs\MiKTeX\tex/latex/translator\translator-basic
-dictionary-English.dict
Dictionary: translator-basic-dictionary, Language: English 
)
(C:\Users\P\AppData\Local\Programs\MiKTeX\tex/latex/translator\translator-bibli
ography-dictionary-English.dict
Dictionary: translator-bibliography-dictionary, Language: English 
)
(C:\Users\P\AppData\Local\Programs\MiKTeX\tex/latex/translator\translator-envir
onment-dictionary-English.dict
Dictionary: translator-environment-dictionary, Language: English 
)
(C:\Users\P\AppData\Local\Programs\MiKTeX\tex/latex/translator\translator-month
s-dictionary-English.dict
Dictionary: translator-months-dictionary, Language: English 
)
(C:\Users\P\AppData\Local\Programs\MiKTeX\tex/latex/translator\translator-numbe
rs-dictionary-English.dict
Dictionary: translator-numbers-dictionary, Language: English 
)
(C:\Users\P\AppData\Local\Programs\MiKTeX\tex/latex/translator\translator-theor
em-dictionary-English.dict
Dictionary: translator-theorem-dictionary, Language: English 
)
\c@maskedRefs=\count390

(C:\Users\P\AppData\Local\Programs\MiKTeX\tex/latex/apacite\english.apc
File: english.apc 2013/07/21 v6.03 apacite language file
LaTeX Info: Redefining \BPBI on input line 129.
LaTeX Info: Redefining \BHBI on input line 130.
)
Package caption Info: Begin \AtBeginDocument code.
Package caption Info: float package is loaded.
Package caption Info: longtable package is loaded.

(C:\Users\P\AppData\Local\Programs\MiKTeX\tex/latex/caption\ltcaption.sty
Package: ltcaption 2020/05/30 v1.4b longtable captions (AR)
)
Package caption Info: End \AtBeginDocument code.

(C:\Users\P\AppData\Local\Programs\MiKTeX\tex/latex/pdflscape\pdflscape.sty
Package: pdflscape 2019/12/05 v0.12 Display of landscape pages in PDF (HO)
Package pdflscape Info: Auto-detected driver: pdftex on input line 81.
)
(alli_beamer.nav)
Overfull \hbox (14.09102pt too wide) in paragraph at lines 33--33
 [][][][] []  
 []


Overfull \hbox (28.45143pt too wide) detected at line 33
  []\OT1/cmss/m/n/6 Pricing of Options with Default Risks under The First Passa
ge Time Model[] 
 []


Overfull \hbox (28.45143pt too wide) has occurred while \output is active
  []\OT1/cmss/m/n/6 Pricing of Options with Default Risks under The First Passa
ge Time Model[] 
 []


Overfull \hbox (14.09102pt too wide) has occurred while \output is active
 [][][][] []  
 []

[1{C:/Users/P/AppData/Local/MiKTeX/pdftex/config/pdftex.map}

] (alli_beamer.toc)
Overfull \hbox (28.45143pt too wide) has occurred while \output is active
  []\OT1/cmss/m/n/6 Pricing of Options with Default Risks under The First Passa
ge Time Model[] 
 []


Overfull \hbox (14.09102pt too wide) has occurred while \output is active
 [][][][] []  
 []

[2

]
LaTeX Font Info:    Trying to load font information for U+msa on input line 48.

 (C:\Users\P\AppData\Local\Programs\MiKTeX\tex/latex/amsfonts\umsa.fd
File: umsa.fd 2013/01/14 v3.01 AMS symbols A
)
LaTeX Font Info:    Trying to load font information for U+msb on input line 48.


(C:\Users\P\AppData\Local\Programs\MiKTeX\tex/latex/amsfonts\umsb.fd
File: umsb.fd 2013/01/14 v3.01 AMS symbols B
)
LaTeX Font Info:    Trying to load font information for U+lasy on input line 48
.

(C:\Users\P\AppData\Local\Programs\MiKTeX\tex/latex/base\ulasy.fd
File: ulasy.fd 1998/08/17 v2.2e LaTeX symbol font definitions
)
LaTeX Font Info:    Trying to load font information for U+rsfs on input line 48
.

(C:\Users\P\AppData\Local\Programs\MiKTeX\tex/latex/jknappen\ursfs.fd
File: ursfs.fd 1998/03/24 rsfs font definition file (jk)
)
LaTeX Font Info:    Trying to load font information for OT1+mathkerncmss on inp
ut line 48.

(C:\Users\P\AppData\Local\Programs\MiKTeX\tex/latex/sansmathaccent\ot1mathkernc
mss.fd
File: ot1mathkerncmss.fd 2020/01/31 Fontinst v1.933 font definitions for OT1/ma
thkerncmss.
)
LaTeX Font Info:    Font shape `U/lasy/b/n' in size <7> not available
(Font)              Font shape `U/lasy/m/n' tried instead on input line 48.
LaTeX Font Info:    Font shape `U/lasy/b/n' in size <5> not available
(Font)              Font shape `U/lasy/m/n' tried instead on input line 48.
LaTeX Font Info:    Font shape `OT1/cmss/b/n' in size <10> not available
(Font)              Font shape `OT1/cmss/bx/n' tried instead on input line 48.
LaTeX Font Info:    Font shape `OT1/cmss/b/n' in size <7> not available
(Font)              Font shape `OT1/cmss/bx/n' tried instead on input line 48.
LaTeX Font Info:    Font shape `OT1/cmss/b/n' in size <5> not available
(Font)              Font shape `OT1/cmss/bx/n' tried instead on input line 48.

Overfull \hbox (28.45143pt too wide) has occurred while \output is active
  []\OT1/cmss/m/n/6 Pricing of Options with Default Risks under The First Passa
ge Time Model[] 
 []


Overfull \hbox (14.09102pt too wide) has occurred while \output is active
 [][][][] []  
 []

[3

]
Overfull \hbox (28.45143pt too wide) has occurred while \output is active
  []\OT1/cmss/m/n/6 Pricing of Options with Default Risks under The First Passa
ge Time Model[] 
 []


Overfull \hbox (14.09102pt too wide) has occurred while \output is active
 [][][][] []  
 []

[4


]
Overfull \hbox (28.45143pt too wide) has occurred while \output is active
  []\OT1/cmss/m/n/6 Pricing of Options with Default Risks under The First Passa
ge Time Model[] 
 []


Overfull \hbox (14.09102pt too wide) has occurred while \output is active
 [][][][] []  
 []

[5

]
Overfull \hbox (28.45143pt too wide) has occurred while \output is active
  []\OT1/cmss/m/n/6 Pricing of Options with Default Risks under The First Passa
ge Time Model[] 
 []


Overfull \hbox (14.09102pt too wide) has occurred while \output is active
 [][][][] []  
 []

[6


]
Overfull \hbox (7.38283pt too wide) detected at line 78
[][]
 []


Overfull \hbox (28.45143pt too wide) has occurred while \output is active
  \OT1/cmss/m/n/6 Pricing of Options with Default Risks under The First Passage
 Time Model 
 []


Overfull \hbox (14.09102pt too wide) has occurred while \output is active
 [][][][] []  
 []

[7

]
Overfull \hbox (28.45143pt too wide) has occurred while \output is active
  \OT1/cmss/m/n/6 Pricing of Options with Default Risks under The First Passage
 Time Model 
 []


Overfull \hbox (14.09102pt too wide) has occurred while \output is active
 [][][][] []  
 []

[8


]

LaTeX Warning: Reference `eq:20' on page 9 undefined on input line 121.


Overfull \hbox (21.96783pt too wide) detected at line 121
[][][][]
 []


Overfull \hbox (19.6515pt too wide) detected at line 121
[][]
 []


Overfull \hbox (28.45143pt too wide) has occurred while \output is active
  \OT1/cmss/m/n/6 Pricing of Options with Default Risks under The First Passage
 Time Model 
 []


Overfull \hbox (14.09102pt too wide) has occurred while \output is active
 [][][][] []  
 []

[9

]
Overfull \hbox (28.45143pt too wide) has occurred while \output is active
  \OT1/cmss/m/n/6 Pricing of Options with Default Risks under The First Passage
 Time Model 
 []


Overfull \hbox (14.09102pt too wide) has occurred while \output is active
 [][][][] []  
 []

[10


]
LaTeX Font Info:    Font shape `U/lasy/b/n' in size <8> not available
(Font)              Font shape `U/lasy/m/n' tried instead on input line 146.
LaTeX Font Info:    Font shape `U/lasy/b/n' in size <6> not available
(Font)              Font shape `U/lasy/m/n' tried instead on input line 146.

Overfull \hbox (28.45143pt too wide) has occurred while \output is active
  \OT1/cmss/m/n/6 Pricing of Options with Default Risks under The First Passage
 Time Model 
 []


Overfull \hbox (14.09102pt too wide) has occurred while \output is active
 [][][][] []  
 []

[11

]
Overfull \vbox (188.49147pt too high) detected at line 146
 []


Overfull \hbox (28.45143pt too wide) has occurred while \output is active
  \OT1/cmss/m/n/6 Pricing of Options with Default Risks under The First Passage
 Time Model 
 []


Overfull \hbox (14.09102pt too wide) has occurred while \output is active
 [][][][] []  
 []

[12


]
Overfull \hbox (28.45143pt too wide) has occurred while \output is active
  \OT1/cmss/m/n/6 Pricing of Options with Default Risks under The First Passage
 Time Model 
 []


Overfull \hbox (14.09102pt too wide) has occurred while \output is active
 [][][][] []  
 []

[13

]
Overfull \hbox (28.45143pt too wide) has occurred while \output is active
  \OT1/cmss/m/n/6 Pricing of Options with Default Risks under The First Passage
 Time Model 
 []


Overfull \hbox (14.09102pt too wide) has occurred while \output is active
 [][][][] []  
 []

[14


]
Overfull \hbox (24.7546pt too wide) detected at line 185
\OT1/mathkerncmss/m/sl/10 B \OT1/cmss/m/n/10 = \OT1/mathkerncmss/m/sl/10 e[]\OT
1/cmss/m/n/10 (\OT1/mathkerncmss/m/sl/10 F \OT1/cmss/m/n/10 + \OT1/mathkerncmss
/m/sl/10 FcT\OT1/cmss/m/n/10 ) []
 []


Overfull \hbox (22.02748pt too wide) detected at line 185
[][]
 []


Overfull \hbox (28.45143pt too wide) has occurred while \output is active
  \OT1/cmss/m/n/6 Pricing of Options with Default Risks under The First Passage
 Time Model 
 []


Overfull \hbox (14.09102pt too wide) has occurred while \output is active
 [][][][] []  
 []

[15

]
Overfull \vbox (29.20215pt too high) detected at line 185
 []


Overfull \hbox (28.45143pt too wide) has occurred while \output is active
  \OT1/cmss/m/n/6 Pricing of Options with Default Risks under The First Passage
 Time Model 
 []


Overfull \hbox (14.09102pt too wide) has occurred while \output is active
 [][][][] []  
 []

[16


]
Overfull \hbox (28.45143pt too wide) has occurred while \output is active
  \OT1/cmss/m/n/6 Pricing of Options with Default Risks under The First Passage
 Time Model 
 []


Overfull \hbox (14.09102pt too wide) has occurred while \output is active
 [][][][] []  
 []

[17

]
Overfull \hbox (28.45143pt too wide) has occurred while \output is active
  \OT1/cmss/m/n/6 Pricing of Options with Default Risks under The First Passage
 Time Model 
 []


Overfull \hbox (14.09102pt too wide) has occurred while \output is active
 [][][][] []  
 []

[18


]
Overfull \hbox (28.45143pt too wide) has occurred while \output is active
  \OT1/cmss/m/n/6 Pricing of Options with Default Risks under The First Passage
 Time Model 
 []


Overfull \hbox (14.09102pt too wide) has occurred while \output is active
 [][][][] []  
 []

[19


]
Overfull \hbox (4.92206pt too wide) in paragraph at lines 219--219
 [] 
 []


Overfull \hbox (28.45143pt too wide) has occurred while \output is active
  \OT1/cmss/m/n/6 Pricing of Options with Default Risks under The First Passage
 Time Model 
 []


Overfull \hbox (14.09102pt too wide) has occurred while \output is active
 [][][][] []  
 []

[20

]
<png/bottleneck.png, id=785, 483.60675pt x 196.93575pt>
File: png/bottleneck.png Graphic file (type png)
<use png/bottleneck.png>
Package pdftex.def Info: png/bottleneck.png  used on input line 229.
(pdftex.def)             Requested size: 184.3758pt x 75.08275pt.

Overfull \hbox (28.45143pt too wide) has occurred while \output is active
  \OT1/cmss/m/n/6 Pricing of Options with Default Risks under The First Passage
 Time Model 
 []


Overfull \hbox (14.09102pt too wide) has occurred while \output is active
 [][][][] []  
 []

[21

 <./png/bottleneck.png>]
Overfull \hbox (28.45143pt too wide) has occurred while \output is active
  \OT1/cmss/m/n/6 Pricing of Options with Default Risks under The First Passage
 Time Model 
 []


Overfull \hbox (14.09102pt too wide) has occurred while \output is active
 [][][][] []  
 []

[22


]
Overfull \hbox (22.11105pt too wide) in paragraph at lines 244--244
 [] 
 []


Overfull \hbox (28.45143pt too wide) has occurred while \output is active
  \OT1/cmss/m/n/6 Pricing of Options with Default Risks under The First Passage
 Time Model 
 []


Overfull \hbox (14.09102pt too wide) has occurred while \output is active
 [][][][] []  
 []

[23

]
File: png/bottleneck.png Graphic file (type png)
<use png/bottleneck.png>
Package pdftex.def Info: png/bottleneck.png  used on input line 251.
(pdftex.def)             Requested size: 184.3758pt x 75.08275pt.

Overfull \hbox (28.45143pt too wide) has occurred while \output is active
  \OT1/cmss/m/n/6 Pricing of Options with Default Risks under The First Passage
 Time Model 
 []


Overfull \hbox (14.09102pt too wide) has occurred while \output is active
 [][][][] []  
 []

[24

]
Overfull \hbox (21.27771pt too wide) in paragraph at lines 264--264
 [] 
 []


Overfull \hbox (28.45143pt too wide) has occurred while \output is active
  \OT1/cmss/m/n/6 Pricing of Options with Default Risks under The First Passage
 Time Model 
 []


Overfull \hbox (14.09102pt too wide) has occurred while \output is active
 [][][][] []  
 []

[25

]
File: png/bottleneck.png Graphic file (type png)
<use png/bottleneck.png>
Package pdftex.def Info: png/bottleneck.png  used on input line 273.
(pdftex.def)             Requested size: 184.3758pt x 75.08275pt.

Overfull \hbox (28.45143pt too wide) has occurred while \output is active
  \OT1/cmss/m/n/6 Pricing of Options with Default Risks under The First Passage
 Time Model 
 []


Overfull \hbox (14.09102pt too wide) has occurred while \output is active
 [][][][] []  
 []

[26

]
Overfull \hbox (28.45143pt too wide) has occurred while \output is active
  \OT1/cmss/m/n/6 Pricing of Options with Default Risks under The First Passage
 Time Model 
 []


Overfull \hbox (14.09102pt too wide) has occurred while \output is active
 [][][][] []  
 []

[27


]
Overfull \hbox (28.45143pt too wide) has occurred while \output is active
  \OT1/cmss/m/n/6 Pricing of Options with Default Risks under The First Passage
 Time Model 
 []


Overfull \hbox (14.09102pt too wide) has occurred while \output is active
 [][][][] []  
 []

[28

]
File: png/bottleneck.png Graphic file (type png)
<use png/bottleneck.png>
Package pdftex.def Info: png/bottleneck.png  used on input line 297.
(pdftex.def)             Requested size: 184.3758pt x 75.08275pt.

Overfull \hbox (28.45143pt too wide) has occurred while \output is active
  \OT1/cmss/m/n/6 Pricing of Options with Default Risks under The First Passage
 Time Model 
 []


Overfull \hbox (14.09102pt too wide) has occurred while \output is active
 [][][][] []  
 []

[29

]
Overfull \hbox (28.45143pt too wide) has occurred while \output is active
  \OT1/cmss/m/n/6 Pricing of Options with Default Risks under The First Passage
 Time Model 
 []


Overfull \hbox (14.09102pt too wide) has occurred while \output is active
 [][][][] []  
 []

[30


]
LaTeX Font Info:    Trying to load font information for U+bbm on input line 318
.
 (C:\Users\P\AppData\Local\Programs\MiKTeX\tex/latex/bbm\ubbm.fd
File: ubbm.fd 1999/03/15 V 1.2 Font definition for bbm font - TH
)
Overfull \hbox (28.45143pt too wide) has occurred while \output is active
  []\OT1/cmss/m/n/6 Pricing of Options with Default Risks under The First Passa
ge Time Model[] 
 []


Overfull \hbox (14.09102pt too wide) has occurred while \output is active
 [][][][] []  
 []

[31

]
Overfull \hbox (28.45143pt too wide) has occurred while \output is active
  []\OT1/cmss/m/n/6 Pricing of Options with Default Risks under The First Passa
ge Time Model[] 
 []


Overfull \hbox (14.09102pt too wide) has occurred while \output is active
 [][][][] []  
 []

[32


]
Overfull \hbox (28.45143pt too wide) has occurred while \output is active
  []\OT1/cmss/m/n/6 Pricing of Options with Default Risks under The First Passa
ge Time Model[] 
 []


Overfull \hbox (14.09102pt too wide) has occurred while \output is active
 [][][][] []  
 []

[33


] (alli_beamer.bbl)
Overfull \hbox (28.45143pt too wide) has occurred while \output is active
  []\OT1/cmss/m/n/6 Pricing of Options with Default Risks under The First Passa
ge Time Model[] 
 []


Overfull \hbox (14.09102pt too wide) has occurred while \output is active
 [][][][] []  
 []

[34

]
Overfull \hbox (28.45143pt too wide) has occurred while \output is active
  []\OT1/cmss/m/n/6 Pricing of Options with Default Risks under The First Passa
ge Time Model[] 
 []


Overfull \hbox (14.09102pt too wide) has occurred while \output is active
 [][][][] []  
 []

[35


]
Overfull \hbox (28.45143pt too wide) has occurred while \output is active
  []\OT1/cmss/m/n/6 Pricing of Options with Default Risks under The First Passa
ge Time Model[] 
 []


Overfull \hbox (14.09102pt too wide) has occurred while \output is active
 [][][][] []  
 []

[36


]
Overfull \hbox (28.45143pt too wide) has occurred while \output is active
  []\OT1/cmss/m/n/6 Pricing of Options with Default Risks under The First Passa
ge Time Model[] 
 []


Overfull \hbox (14.09102pt too wide) has occurred while \output is active
 [][][][] []  
 []

[37


]
Overfull \hbox (28.45143pt too wide) has occurred while \output is active
  []\OT1/cmss/m/n/6 Pricing of Options with Default Risks under The First Passa
ge Time Model[] 
 []


Overfull \hbox (14.09102pt too wide) has occurred while \output is active
 [][][][] []  
 []

[38


]
Overfull \hbox (28.45143pt too wide) has occurred while \output is active
  []\OT1/cmss/m/n/6 Pricing of Options with Default Risks under The First Passa
ge Time Model[] 
 []


Overfull \hbox (14.09102pt too wide) has occurred while \output is active
 [][][][] []  
 []

[39


]
Overfull \hbox (28.45143pt too wide) has occurred while \output is active
  []\OT1/cmss/m/n/6 Pricing of Options with Default Risks under The First Passa
ge Time Model[] 
 []


Overfull \hbox (14.09102pt too wide) has occurred while \output is active
 [][][][] []  
 []

[40


]
Overfull \hbox (28.45143pt too wide) has occurred while \output is active
  []\OT1/cmss/m/n/6 Pricing of Options with Default Risks under The First Passa
ge Time Model[] 
 []


Overfull \hbox (14.09102pt too wide) has occurred while \output is active
 [][][][] []  
 []

[41


]
Overfull \hbox (28.45143pt too wide) has occurred while \output is active
  []\OT1/cmss/m/n/6 Pricing of Options with Default Risks under The First Passa
ge Time Model[] 
 []


Overfull \hbox (14.09102pt too wide) has occurred while \output is active
 [][][][] []  
 []

[42


]
Overfull \hbox (28.45143pt too wide) has occurred while \output is active
  []\OT1/cmss/m/n/6 Pricing of Options with Default Risks under The First Passa
ge Time Model[] 
 []


Overfull \hbox (14.09102pt too wide) has occurred while \output is active
 [][][][] []  
 []

[43


]
Overfull \hbox (28.45143pt too wide) has occurred while \output is active
  []\OT1/cmss/m/n/6 Pricing of Options with Default Risks under The First Passa
ge Time Model[] 
 []


Overfull \hbox (14.09102pt too wide) has occurred while \output is active
 [][][][] []  
 []

[44


]
Overfull \hbox (28.45143pt too wide) has occurred while \output is active
  []\OT1/cmss/m/n/6 Pricing of Options with Default Risks under The First Passa
ge Time Model[] 
 []


Overfull \hbox (14.09102pt too wide) has occurred while \output is active
 [][][][] []  
 []

[45


]
Overfull \hbox (28.45143pt too wide) has occurred while \output is active
  []\OT1/cmss/m/n/6 Pricing of Options with Default Risks under The First Passa
ge Time Model[] 
 []


Overfull \hbox (14.09102pt too wide) has occurred while \output is active
 [][][][] []  
 []

[46


]
Overfull \hbox (28.45143pt too wide) has occurred while \output is active
  []\OT1/cmss/m/n/6 Pricing of Options with Default Risks under The First Passa
ge Time Model[] 
 []


Overfull \hbox (14.09102pt too wide) has occurred while \output is active
 [][][][] []  
 []

[47


]
Overfull \hbox (28.45143pt too wide) has occurred while \output is active
  []\OT1/cmss/m/n/6 Pricing of Options with Default Risks under The First Passa
ge Time Model[] 
 []


Overfull \hbox (14.09102pt too wide) has occurred while \output is active
 [][][][] []  
 []

[48


]
Overfull \hbox (28.45143pt too wide) has occurred while \output is active
  []\OT1/cmss/m/n/6 Pricing of Options with Default Risks under The First Passa
ge Time Model[] 
 []


Overfull \hbox (14.09102pt too wide) has occurred while \output is active
 [][][][] []  
 []

[49


]
Overfull \hbox (28.45143pt too wide) has occurred while \output is active
  []\OT1/cmss/m/n/6 Pricing of Options with Default Risks under The First Passa
ge Time Model[] 
 []


Overfull \hbox (14.09102pt too wide) has occurred while \output is active
 [][][][] []  
 []

[50


]
Overfull \hbox (28.45143pt too wide) has occurred while \output is active
  []\OT1/cmss/m/n/6 Pricing of Options with Default Risks under The First Passa
ge Time Model[] 
 []


Overfull \hbox (14.09102pt too wide) has occurred while \output is active
 [][][][] []  
 []

[51


]
Overfull \hbox (28.45143pt too wide) has occurred while \output is active
  []\OT1/cmss/m/n/6 Pricing of Options with Default Risks under The First Passa
ge Time Model[] 
 []


Overfull \hbox (14.09102pt too wide) has occurred while \output is active
 [][][][] []  
 []

[52


]
Overfull \hbox (28.45143pt too wide) has occurred while \output is active
  []\OT1/cmss/m/n/6 Pricing of Options with Default Risks under The First Passa
ge Time Model[] 
 []


Overfull \hbox (14.09102pt too wide) has occurred while \output is active
 [][][][] []  
 []

[53


]
Overfull \hbox (28.45143pt too wide) has occurred while \output is active
  []\OT1/cmss/m/n/6 Pricing of Options with Default Risks under The First Passa
ge Time Model[] 
 []


Overfull \hbox (14.09102pt too wide) has occurred while \output is active
 [][][][] []  
 []

[54


]
Overfull \hbox (28.45143pt too wide) has occurred while \output is active
  []\OT1/cmss/m/n/6 Pricing of Options with Default Risks under The First Passa
ge Time Model[] 
 []


Overfull \hbox (14.09102pt too wide) has occurred while \output is active
 [][][][] []  
 []

[55


]
Overfull \hbox (28.45143pt too wide) has occurred while \output is active
  []\OT1/cmss/m/n/6 Pricing of Options with Default Risks under The First Passa
ge Time Model[] 
 []


Overfull \hbox (14.09102pt too wide) has occurred while \output is active
 [][][][] []  
 []

[56


]
Overfull \hbox (28.45143pt too wide) has occurred while \output is active
  []\OT1/cmss/m/n/6 Pricing of Options with Default Risks under The First Passa
ge Time Model[] 
 []


Overfull \hbox (14.09102pt too wide) has occurred while \output is active
 [][][][] []  
 []

[57


]
Overfull \hbox (28.45143pt too wide) has occurred while \output is active
  []\OT1/cmss/m/n/6 Pricing of Options with Default Risks under The First Passa
ge Time Model[] 
 []


Overfull \hbox (14.09102pt too wide) has occurred while \output is active
 [][][][] []  
 []

[58


]
Overfull \hbox (28.45143pt too wide) has occurred while \output is active
  []\OT1/cmss/m/n/6 Pricing of Options with Default Risks under The First Passa
ge Time Model[] 
 []


Overfull \hbox (14.09102pt too wide) has occurred while \output is active
 [][][][] []  
 []

[59


]
Overfull \hbox (28.45143pt too wide) has occurred while \output is active
  []\OT1/cmss/m/n/6 Pricing of Options with Default Risks under The First Passa
ge Time Model[] 
 []


Overfull \hbox (14.09102pt too wide) has occurred while \output is active
 [][][][] []  
 []

[60


]
Overfull \hbox (28.45143pt too wide) has occurred while \output is active
  []\OT1/cmss/m/n/6 Pricing of Options with Default Risks under The First Passa
ge Time Model[] 
 []


Overfull \hbox (14.09102pt too wide) has occurred while \output is active
 [][][][] []  
 []

[61


]
Overfull \hbox (28.45143pt too wide) has occurred while \output is active
  []\OT1/cmss/m/n/6 Pricing of Options with Default Risks under The First Passa
ge Time Model[] 
 []


Overfull \hbox (14.09102pt too wide) has occurred while \output is active
 [][][][] []  
 []

[62


]
Overfull \hbox (28.45143pt too wide) has occurred while \output is active
  []\OT1/cmss/m/n/6 Pricing of Options with Default Risks under The First Passa
ge Time Model[] 
 []


Overfull \hbox (14.09102pt too wide) has occurred while \output is active
 [][][][] []  
 []

[63


]
Overfull \hbox (28.45143pt too wide) has occurred while \output is active
  []\OT1/cmss/m/n/6 Pricing of Options with Default Risks under The First Passa
ge Time Model[] 
 []


Overfull \hbox (14.09102pt too wide) has occurred while \output is active
 [][][][] []  
 []

[64


]
Overfull \hbox (28.45143pt too wide) has occurred while \output is active
  []\OT1/cmss/m/n/6 Pricing of Options with Default Risks under The First Passa
ge Time Model[] 
 []


Overfull \hbox (14.09102pt too wide) has occurred while \output is active
 [][][][] []  
 []

[65


]
Overfull \hbox (28.45143pt too wide) has occurred while \output is active
  []\OT1/cmss/m/n/6 Pricing of Options with Default Risks under The First Passa
ge Time Model[] 
 []


Overfull \hbox (14.09102pt too wide) has occurred while \output is active
 [][][][] []  
 []

[66


]
Overfull \hbox (28.45143pt too wide) has occurred while \output is active
  []\OT1/cmss/m/n/6 Pricing of Options with Default Risks under The First Passa
ge Time Model[] 
 []


Overfull \hbox (14.09102pt too wide) has occurred while \output is active
 [][][][] []  
 []

[67

]
\tf@nav=\write8
\openout8 = `alli_beamer.nav'.

\tf@toc=\write9
\openout9 = `alli_beamer.toc'.

\tf@snm=\write10
\openout10 = `alli_beamer.snm'.

 (alli_beamer.aux)

LaTeX Warning: There were undefined references.


LaTeX Warning: Label(s) may have changed. Rerun to get cross-references right.


Package rerunfilecheck Warning: File `alli_beamer.out' has changed.
(rerunfilecheck)                Rerun to get outlines right
(rerunfilecheck)                or use package `bookmark'.

Package rerunfilecheck Info: Checksums for `alli_beamer.out':
(rerunfilecheck)             Before: 0C2CE3FAAF05B12114A008B49B2895F6;552
(rerunfilecheck)             After:  AD679A9A3FB2A63C2A0A05A9E854ADB6;552.
 ) 
Here is how much of TeX's memory you used:
 30847 strings out of 479618
 622480 string characters out of 2866926
 1044611 words of memory out of 3000000
 46987 multiletter control sequences out of 15000+200000
 428036 words of font info for 118 fonts, out of 3000000 for 9000
 1141 hyphenation exceptions out of 8191
 131i,19n,132p,1074b,702s stack positions out of 5000i,500n,10000p,200000b,50000s
pdfTeX warning (dest): name{eq:20} has been referenced but does not exist, re
placed by a fixed one

pdfTeX warning (dest): name{Navigation68} has been referenced but does not exis
t, replaced by a fixed one

pdfTeX warning (dest): name{Outline0.3.3.18} has been referenced but does not e
xist, replaced by a fixed one

pdfTeX warning (dest): name{Outline0.3.2.16} has been referenced but does not e
xist, replaced by a fixed one

pdfTeX warning (dest): name{Outline0.3.1.14} has been referenced but does not e
xist, replaced by a fixed one

 <C:\Users\P\AppData\Local\MiKTeX\fonts/pk/ljfour/public/bbm/dpi600\bbm7.pk> <C
:\Users\P\AppData\Local\MiKTeX\fonts/pk/ljfour/public/bbm/dpi600\bbm10.pk> <C:\
Users\P\AppData\Local\MiKTeX\fonts/pk/ljfour/jknappen/ec/dpi600\ecso1000.pk><C:
/Users/P/AppData/Local/Programs/MiKTeX/fonts/type1/public/amsfonts/cm/cmex10.pf
b><C:/Users/P/AppData/Local/Programs/MiKTeX/fonts/type1/public/amsfonts/cmextra
/cmex7.pfb><C:/Users/P/AppData/Local/Programs/MiKTeX/fonts/type1/public/amsfont
s/cm/cmmi10.pfb><C:/Users/P/AppData/Local/Programs/MiKTeX/fonts/type1/public/am
sfonts/cm/cmmi5.pfb><C:/Users/P/AppData/Local/Programs/MiKTeX/fonts/type1/publi
c/amsfonts/cm/cmmi6.pfb><C:/Users/P/AppData/Local/Programs/MiKTeX/fonts/type1/p
ublic/amsfonts/cm/cmmi7.pfb><C:/Users/P/AppData/Local/Programs/MiKTeX/fonts/typ
e1/public/amsfonts/cm/cmmi8.pfb><C:/Users/P/AppData/Local/Programs/MiKTeX/fonts
/type1/public/amsfonts/cm/cmss10.pfb><C:/Users/P/AppData/Local/Programs/MiKTeX/
fonts/type1/public/amsfonts/cm/cmss12.pfb><C:/Users/P/AppData/Local/Programs/Mi
KTeX/fonts/type1/public/amsfonts/cm/cmss8.pfb><C:/Users/P/AppData/Local/Program
s/MiKTeX/fonts/type1/public/amsfonts/cm/cmssbx10.pfb><C:/Users/P/AppData/Local/
Programs/MiKTeX/fonts/type1/public/amsfonts/cm/cmssi10.pfb><C:/Users/P/AppData/
Local/Programs/MiKTeX/fonts/type1/public/amsfonts/cm/cmssi8.pfb><C:/Users/P/App
Data/Local/Programs/MiKTeX/fonts/type1/public/amsfonts/cm/cmsy10.pfb><C:/Users/
P/AppData/Local/Programs/MiKTeX/fonts/type1/public/amsfonts/cm/cmsy5.pfb><C:/Us
ers/P/AppData/Local/Programs/MiKTeX/fonts/type1/public/amsfonts/cm/cmsy7.pfb><C
:/Users/P/AppData/Local/Programs/MiKTeX/fonts/type1/public/amsfonts/cm/cmsy8.pf
b><C:/Users/P/AppData/Local/Programs/MiKTeX/fonts/type1/public/amsfonts/cm/cmtt
10.pfb>
Output written on alli_beamer.pdf (67 pages, 791338 bytes).
PDF statistics:
 2557 PDF objects out of 2984 (max. 8388607)
 266 named destinations out of 1000 (max. 500000)
 172 words of extra memory for PDF output out of 10000 (max. 10000000)

